10/27/2023, 5:39:04 PM [INFO]: App is running on port 8080
10/27/2023, 5:39:04 PM [INFO]: Database connected
10/27/2023, 5:39:04 PM [INFO]: Connected to MQTT broker
10/27/2023, 5:39:04 PM [INFO]: Subscribed to topic: starkennInv3/DMS_NCL_8/data
10/27/2023, 5:39:04 PM [INFO]: Subscribed to topic: starkennInv3/CV43433/data
10/27/2023, 5:39:04 PM [INFO]: Subscribed to topic: starkennInv3/EC02190/data
10/27/2023, 5:39:04 PM [INFO]: Subscribed to topic: starkennInv3/DM0001A/data
10/27/2023, 5:39:04 PM [INFO]: Subscribed to topic: starkennInv3/PIY_001/data
10/27/2023, 5:39:04 PM [INFO]: Subscribed to topic: starkennInv3/DMS_NCL_15/data
10/27/2023, 5:39:04 PM [INFO]: Subscribed to topic: starkennInv3/IUEG/data
10/27/2023, 5:39:04 PM [INFO]: Subscribed to topic: starkennInv3/DMS_CHI_DEMO_3/data
10/27/2023, 5:39:04 PM [INFO]: Subscribed to topic: starkennInv3/DMS_PROD_1/data
10/27/2023, 5:39:04 PM [INFO]: Subscribed to topic: starkennInv3/SCH_001/data
10/27/2023, 5:39:04 PM [INFO]: Subscribed to topic: starkennInv3/SCH_002/data
10/27/2023, 5:39:15 PM [INFO]: App is running on port 8080
10/27/2023, 5:39:15 PM [INFO]: Database connected
10/27/2023, 5:39:15 PM [INFO]: Connected to MQTT broker
10/27/2023, 5:39:15 PM [INFO]: Subscribed to topic: starkennInv3/DMS_NCL_8/data
10/27/2023, 5:39:15 PM [INFO]: Subscribed to topic: starkennInv3/CV43433/data
10/27/2023, 5:39:15 PM [INFO]: Subscribed to topic: starkennInv3/EC02190/data
10/27/2023, 5:39:15 PM [INFO]: Subscribed to topic: starkennInv3/DM0001A/data
10/27/2023, 5:39:15 PM [INFO]: Subscribed to topic: starkennInv3/PIY_001/data
10/27/2023, 5:39:15 PM [INFO]: Subscribed to topic: starkennInv3/DMS_NCL_15/data
10/27/2023, 5:39:15 PM [INFO]: Subscribed to topic: starkennInv3/IUEG/data
10/27/2023, 5:39:15 PM [INFO]: Subscribed to topic: starkennInv3/DMS_CHI_DEMO_3/data
10/27/2023, 5:39:15 PM [INFO]: Subscribed to topic: starkennInv3/DMS_PROD_1/data
10/27/2023, 5:39:15 PM [INFO]: Subscribed to topic: starkennInv3/SCH_001/data
10/27/2023, 5:39:15 PM [INFO]: Subscribed to topic: starkennInv3/SCH_002/data
10/27/2023, 5:39:57 PM [INFO]: App is running on port 8080
10/27/2023, 5:39:57 PM [INFO]: Database connected
10/27/2023, 5:39:57 PM [INFO]: Connected to MQTT broker
10/27/2023, 5:39:57 PM [INFO]: Subscribed to topic: starkennInv3/DMS_NCL_8/data
10/27/2023, 5:39:57 PM [INFO]: Subscribed to topic: starkennInv3/CV43433/data
10/27/2023, 5:39:57 PM [INFO]: Subscribed to topic: starkennInv3/EC02190/data
10/27/2023, 5:39:57 PM [INFO]: Subscribed to topic: starkennInv3/DM0001A/data
10/27/2023, 5:39:57 PM [INFO]: Subscribed to topic: starkennInv3/PIY_001/data
10/27/2023, 5:39:57 PM [INFO]: Subscribed to topic: starkennInv3/DMS_NCL_15/data
10/27/2023, 5:39:57 PM [INFO]: Subscribed to topic: starkennInv3/IUEG/data
10/27/2023, 5:39:57 PM [INFO]: Subscribed to topic: starkennInv3/DMS_CHI_DEMO_3/data
10/27/2023, 5:39:57 PM [INFO]: Subscribed to topic: starkennInv3/DMS_PROD_1/data
10/27/2023, 5:39:57 PM [INFO]: Subscribed to topic: starkennInv3/SCH_001/data
10/27/2023, 5:39:57 PM [INFO]: Subscribed to topic: starkennInv3/SCH_002/data
10/27/2023, 5:40:34 PM [INFO]: App is running on port 8080
10/27/2023, 5:40:34 PM [INFO]: Database connected
10/27/2023, 5:40:34 PM [INFO]: Connected to MQTT broker
10/27/2023, 5:40:34 PM [INFO]: Subscribed to topic: starkennInv3/DMS_NCL_8/data
10/27/2023, 5:40:34 PM [INFO]: Subscribed to topic: starkennInv3/CV43433/data
10/27/2023, 5:40:34 PM [INFO]: Subscribed to topic: starkennInv3/EC02190/data
10/27/2023, 5:40:34 PM [INFO]: Subscribed to topic: starkennInv3/DM0001A/data
10/27/2023, 5:40:34 PM [INFO]: Subscribed to topic: starkennInv3/PIY_001/data
10/27/2023, 5:40:34 PM [INFO]: Subscribed to topic: starkennInv3/DMS_NCL_15/data
10/27/2023, 5:40:34 PM [INFO]: Subscribed to topic: starkennInv3/IUEG/data
10/27/2023, 5:40:34 PM [INFO]: Subscribed to topic: starkennInv3/DMS_CHI_DEMO_3/data
10/27/2023, 5:40:34 PM [INFO]: Subscribed to topic: starkennInv3/DMS_PROD_1/data
10/27/2023, 5:40:34 PM [INFO]: Subscribed to topic: starkennInv3/SCH_001/data
10/27/2023, 5:40:34 PM [INFO]: Subscribed to topic: starkennInv3/SCH_002/data
10/27/2023, 5:40:43 PM [INFO]: App is running on port 8080
10/27/2023, 5:40:43 PM [INFO]: Database connected
10/27/2023, 5:40:43 PM [INFO]: Connected to MQTT broker
10/27/2023, 5:40:43 PM [INFO]: Subscribed to topic: starkennInv3/DMS_NCL_8/data
10/27/2023, 5:40:43 PM [INFO]: Subscribed to topic: starkennInv3/CV43433/data
10/27/2023, 5:40:43 PM [INFO]: Subscribed to topic: starkennInv3/EC02190/data
10/27/2023, 5:40:43 PM [INFO]: Subscribed to topic: starkennInv3/DM0001A/data
10/27/2023, 5:40:43 PM [INFO]: Subscribed to topic: starkennInv3/PIY_001/data
10/27/2023, 5:40:43 PM [INFO]: Subscribed to topic: starkennInv3/DMS_NCL_15/data
10/27/2023, 5:40:43 PM [INFO]: Subscribed to topic: starkennInv3/IUEG/data
10/27/2023, 5:40:43 PM [INFO]: Subscribed to topic: starkennInv3/DMS_CHI_DEMO_3/data
10/27/2023, 5:40:43 PM [INFO]: Subscribed to topic: starkennInv3/DMS_PROD_1/data
10/27/2023, 5:40:43 PM [INFO]: Subscribed to topic: starkennInv3/SCH_001/data
10/27/2023, 5:40:43 PM [INFO]: Subscribed to topic: starkennInv3/SCH_002/data
10/27/2023, 5:40:45 PM [INFO]: App is running on port 8080
10/27/2023, 5:40:45 PM [INFO]: Database connected
10/27/2023, 5:40:45 PM [INFO]: Connected to MQTT broker
10/27/2023, 5:40:45 PM [INFO]: Subscribed to topic: starkennInv3/DMS_NCL_8/data
10/27/2023, 5:40:45 PM [INFO]: Subscribed to topic: starkennInv3/CV43433/data
10/27/2023, 5:40:45 PM [INFO]: Subscribed to topic: starkennInv3/EC02190/data
10/27/2023, 5:40:45 PM [INFO]: Subscribed to topic: starkennInv3/DM0001A/data
10/27/2023, 5:40:45 PM [INFO]: Subscribed to topic: starkennInv3/PIY_001/data
10/27/2023, 5:40:45 PM [INFO]: Subscribed to topic: starkennInv3/DMS_NCL_15/data
10/27/2023, 5:40:45 PM [INFO]: Subscribed to topic: starkennInv3/IUEG/data
10/27/2023, 5:40:45 PM [INFO]: Subscribed to topic: starkennInv3/DMS_CHI_DEMO_3/data
10/27/2023, 5:40:45 PM [INFO]: Subscribed to topic: starkennInv3/DMS_PROD_1/data
10/27/2023, 5:40:45 PM [INFO]: Subscribed to topic: starkennInv3/SCH_001/data
10/27/2023, 5:40:45 PM [INFO]: Subscribed to topic: starkennInv3/SCH_002/data
10/27/2023, 5:40:59 PM [INFO]: Database connected
10/27/2023, 5:41:03 PM [ERROR]: notification error: Unknown column 'notification_uuid' in 'field list'
10/27/2023, 5:41:27 PM [ERROR]: notification error: Unknown column 'notification_uuid' in 'field list'
10/27/2023, 5:41:28 PM [ERROR]: notification error: Unknown column 'notification_uuid' in 'field list'
10/27/2023, 5:41:28 PM [ERROR]: Error in deleting the device ReferenceError: userUUID is not defined
10/27/2023, 5:45:05 PM [INFO]: App is running on port 8080
10/27/2023, 5:45:06 PM [INFO]: Database connected
10/27/2023, 5:45:06 PM [INFO]: Connected to MQTT broker
10/27/2023, 5:45:06 PM [INFO]: Subscribed to topic: starkennInv3/DMS_NCL_8/data
10/27/2023, 5:45:06 PM [INFO]: Subscribed to topic: starkennInv3/CV43433/data
10/27/2023, 5:45:06 PM [INFO]: Subscribed to topic: starkennInv3/EC02190/data
10/27/2023, 5:45:06 PM [INFO]: Subscribed to topic: starkennInv3/DM0001A/data
10/27/2023, 5:45:06 PM [INFO]: Subscribed to topic: starkennInv3/PIY_001/data
10/27/2023, 5:45:06 PM [INFO]: Subscribed to topic: starkennInv3/DMS_NCL_15/data
10/27/2023, 5:45:06 PM [INFO]: Subscribed to topic: starkennInv3/IUEG/data
10/27/2023, 5:45:06 PM [INFO]: Subscribed to topic: starkennInv3/DMS_CHI_DEMO_3/data
10/27/2023, 5:45:06 PM [INFO]: Subscribed to topic: starkennInv3/DMS_PROD_1/data
10/27/2023, 5:45:06 PM [INFO]: Subscribed to topic: starkennInv3/SCH_001/data
10/27/2023, 5:45:06 PM [INFO]: Subscribed to topic: starkennInv3/SCH_002/data
10/27/2023, 5:45:29 PM [INFO]: Database connected
10/27/2023, 5:45:32 PM [ERROR]: notification error: Unknown column 'notification_uuid' in 'field list'
10/27/2023, 5:46:18 PM [ERROR]: notification error: Unknown column 'notification_uuid' in 'field list'
10/27/2023, 5:47:01 PM [INFO]: App is running on port 8080
10/27/2023, 5:47:01 PM [INFO]: Database connected
10/27/2023, 5:47:01 PM [INFO]: Connected to MQTT broker
10/27/2023, 5:47:01 PM [INFO]: Subscribed to topic: starkennInv3/DMS_NCL_8/data
10/27/2023, 5:47:01 PM [INFO]: Subscribed to topic: starkennInv3/CV43433/data
10/27/2023, 5:47:01 PM [INFO]: Subscribed to topic: starkennInv3/EC02190/data
10/27/2023, 5:47:01 PM [INFO]: Subscribed to topic: starkennInv3/DM0001A/data
10/27/2023, 5:47:01 PM [INFO]: Subscribed to topic: starkennInv3/PIY_001/data
10/27/2023, 5:47:01 PM [INFO]: Subscribed to topic: starkennInv3/DMS_NCL_15/data
10/27/2023, 5:47:01 PM [INFO]: Subscribed to topic: starkennInv3/IUEG/data
10/27/2023, 5:47:01 PM [INFO]: Subscribed to topic: starkennInv3/DMS_CHI_DEMO_3/data
10/27/2023, 5:47:01 PM [INFO]: Subscribed to topic: starkennInv3/DMS_PROD_1/data
10/27/2023, 5:47:01 PM [INFO]: Subscribed to topic: starkennInv3/SCH_001/data
10/27/2023, 5:47:01 PM [INFO]: Subscribed to topic: starkennInv3/SCH_002/data
10/27/2023, 5:48:14 PM [INFO]: App is running on port 8080
10/27/2023, 5:48:14 PM [INFO]: Database connected
10/27/2023, 5:48:14 PM [INFO]: Connected to MQTT broker
10/27/2023, 5:48:14 PM [INFO]: Subscribed to topic: starkennInv3/DMS_NCL_8/data
10/27/2023, 5:48:14 PM [INFO]: Subscribed to topic: starkennInv3/CV43433/data
10/27/2023, 5:48:14 PM [INFO]: Subscribed to topic: starkennInv3/EC02190/data
10/27/2023, 5:48:14 PM [INFO]: Subscribed to topic: starkennInv3/DM0001A/data
10/27/2023, 5:48:14 PM [INFO]: Subscribed to topic: starkennInv3/PIY_001/data
10/27/2023, 5:48:14 PM [INFO]: Subscribed to topic: starkennInv3/DMS_NCL_15/data
10/27/2023, 5:48:14 PM [INFO]: Subscribed to topic: starkennInv3/IUEG/data
10/27/2023, 5:48:14 PM [INFO]: Subscribed to topic: starkennInv3/DMS_CHI_DEMO_3/data
10/27/2023, 5:48:14 PM [INFO]: Subscribed to topic: starkennInv3/DMS_PROD_1/data
10/27/2023, 5:48:14 PM [INFO]: Subscribed to topic: starkennInv3/SCH_001/data
10/27/2023, 5:48:14 PM [INFO]: Subscribed to topic: starkennInv3/SCH_002/data
10/27/2023, 5:48:17 PM [INFO]: App is running on port 8080
10/27/2023, 5:48:17 PM [INFO]: Database connected
10/27/2023, 5:48:17 PM [INFO]: Connected to MQTT broker
10/27/2023, 5:48:17 PM [INFO]: Subscribed to topic: starkennInv3/DMS_NCL_8/data
10/27/2023, 5:48:17 PM [INFO]: Subscribed to topic: starkennInv3/CV43433/data
10/27/2023, 5:48:17 PM [INFO]: Subscribed to topic: starkennInv3/EC02190/data
10/27/2023, 5:48:17 PM [INFO]: Subscribed to topic: starkennInv3/DM0001A/data
10/27/2023, 5:48:17 PM [INFO]: Subscribed to topic: starkennInv3/PIY_001/data
10/27/2023, 5:48:17 PM [INFO]: Subscribed to topic: starkennInv3/DMS_NCL_15/data
10/27/2023, 5:48:17 PM [INFO]: Subscribed to topic: starkennInv3/IUEG/data
10/27/2023, 5:48:17 PM [INFO]: Subscribed to topic: starkennInv3/DMS_CHI_DEMO_3/data
10/27/2023, 5:48:17 PM [INFO]: Subscribed to topic: starkennInv3/DMS_PROD_1/data
10/27/2023, 5:48:17 PM [INFO]: Subscribed to topic: starkennInv3/SCH_001/data
10/27/2023, 5:48:17 PM [INFO]: Subscribed to topic: starkennInv3/SCH_002/data
10/27/2023, 5:48:30 PM [INFO]: Database connected
10/27/2023, 5:48:38 PM [ERROR]: notification error: Unknown column 'notification_uuid' in 'field list'
10/27/2023, 5:49:27 PM [ERROR]: notification error: Unknown column 'notification_uuid' in 'field list'
10/27/2023, 5:50:19 PM [INFO]: App is running on port 8080
10/27/2023, 5:50:19 PM [INFO]: Database connected
10/27/2023, 5:50:19 PM [INFO]: Connected to MQTT broker
10/27/2023, 5:50:19 PM [INFO]: Subscribed to topic: starkennInv3/DMS_NCL_8/data
10/27/2023, 5:50:19 PM [INFO]: Subscribed to topic: starkennInv3/CV43433/data
10/27/2023, 5:50:19 PM [INFO]: Subscribed to topic: starkennInv3/EC02190/data
10/27/2023, 5:50:19 PM [INFO]: Subscribed to topic: starkennInv3/DM0001A/data
10/27/2023, 5:50:19 PM [INFO]: Subscribed to topic: starkennInv3/PIY_001/data
10/27/2023, 5:50:19 PM [INFO]: Subscribed to topic: starkennInv3/DMS_NCL_15/data
10/27/2023, 5:50:19 PM [INFO]: Subscribed to topic: starkennInv3/IUEG/data
10/27/2023, 5:50:19 PM [INFO]: Subscribed to topic: starkennInv3/DMS_CHI_DEMO_3/data
10/27/2023, 5:50:19 PM [INFO]: Subscribed to topic: starkennInv3/DMS_PROD_1/data
10/27/2023, 5:50:19 PM [INFO]: Subscribed to topic: starkennInv3/SCH_001/data
10/27/2023, 5:50:19 PM [INFO]: Subscribed to topic: starkennInv3/SCH_002/data
10/27/2023, 5:50:31 PM [INFO]: Database connected
10/27/2023, 5:50:34 PM [ERROR]: notification error: Unknown column 'notification_uuid' in 'field list'
10/27/2023, 5:51:15 PM [INFO]: App is running on port 8080
10/27/2023, 5:51:16 PM [INFO]: Database connected
10/27/2023, 5:51:16 PM [INFO]: Connected to MQTT broker
10/27/2023, 5:51:16 PM [INFO]: Subscribed to topic: starkennInv3/DMS_NCL_8/data
10/27/2023, 5:51:16 PM [INFO]: Subscribed to topic: starkennInv3/CV43433/data
10/27/2023, 5:51:16 PM [INFO]: Subscribed to topic: starkennInv3/EC02190/data
10/27/2023, 5:51:16 PM [INFO]: Subscribed to topic: starkennInv3/DM0001A/data
10/27/2023, 5:51:16 PM [INFO]: Subscribed to topic: starkennInv3/PIY_001/data
10/27/2023, 5:51:16 PM [INFO]: Subscribed to topic: starkennInv3/DMS_NCL_15/data
10/27/2023, 5:51:16 PM [INFO]: Subscribed to topic: starkennInv3/IUEG/data
10/27/2023, 5:51:16 PM [INFO]: Subscribed to topic: starkennInv3/DMS_CHI_DEMO_3/data
10/27/2023, 5:51:16 PM [INFO]: Subscribed to topic: starkennInv3/DMS_PROD_1/data
10/27/2023, 5:51:16 PM [INFO]: Subscribed to topic: starkennInv3/SCH_001/data
10/27/2023, 5:51:16 PM [INFO]: Subscribed to topic: starkennInv3/SCH_002/data
10/27/2023, 5:51:18 PM [INFO]: App is running on port 8080
10/27/2023, 5:51:18 PM [INFO]: Database connected
10/27/2023, 5:51:18 PM [INFO]: Connected to MQTT broker
10/27/2023, 5:51:18 PM [INFO]: Subscribed to topic: starkennInv3/DMS_NCL_8/data
10/27/2023, 5:51:18 PM [INFO]: Subscribed to topic: starkennInv3/CV43433/data
10/27/2023, 5:51:18 PM [INFO]: Subscribed to topic: starkennInv3/EC02190/data
10/27/2023, 5:51:18 PM [INFO]: Subscribed to topic: starkennInv3/DM0001A/data
10/27/2023, 5:51:18 PM [INFO]: Subscribed to topic: starkennInv3/PIY_001/data
10/27/2023, 5:51:18 PM [INFO]: Subscribed to topic: starkennInv3/DMS_NCL_15/data
10/27/2023, 5:51:18 PM [INFO]: Subscribed to topic: starkennInv3/IUEG/data
10/27/2023, 5:51:18 PM [INFO]: Subscribed to topic: starkennInv3/DMS_CHI_DEMO_3/data
10/27/2023, 5:51:18 PM [INFO]: Subscribed to topic: starkennInv3/DMS_PROD_1/data
10/27/2023, 5:51:18 PM [INFO]: Subscribed to topic: starkennInv3/SCH_001/data
10/27/2023, 5:51:18 PM [INFO]: Subscribed to topic: starkennInv3/SCH_002/data
10/27/2023, 5:51:30 PM [INFO]: Database connected
10/27/2023, 5:51:34 PM [ERROR]: notification error: Unknown column 'notification_uuid' in 'field list'
10/27/2023, 5:52:43 PM [INFO]: App is running on port 8080
10/27/2023, 5:52:43 PM [INFO]: Database connected
10/27/2023, 5:52:43 PM [INFO]: Connected to MQTT broker
10/27/2023, 5:52:43 PM [INFO]: Subscribed to topic: starkennInv3/DMS_NCL_8/data
10/27/2023, 5:52:43 PM [INFO]: Subscribed to topic: starkennInv3/CV43433/data
10/27/2023, 5:52:43 PM [INFO]: Subscribed to topic: starkennInv3/EC02190/data
10/27/2023, 5:52:43 PM [INFO]: Subscribed to topic: starkennInv3/DM0001A/data
10/27/2023, 5:52:43 PM [INFO]: Subscribed to topic: starkennInv3/PIY_001/data
10/27/2023, 5:52:43 PM [INFO]: Subscribed to topic: starkennInv3/DMS_NCL_15/data
10/27/2023, 5:52:43 PM [INFO]: Subscribed to topic: starkennInv3/IUEG/data
10/27/2023, 5:52:43 PM [INFO]: Subscribed to topic: starkennInv3/DMS_CHI_DEMO_3/data
10/27/2023, 5:52:43 PM [INFO]: Subscribed to topic: starkennInv3/DMS_PROD_1/data
10/27/2023, 5:52:43 PM [INFO]: Subscribed to topic: starkennInv3/SCH_001/data
10/27/2023, 5:52:43 PM [INFO]: Subscribed to topic: starkennInv3/SCH_002/data
10/27/2023, 5:52:54 PM [INFO]: Database connected
10/27/2023, 5:52:57 PM [ERROR]: notification error: Unknown column 'notification_uuid' in 'field list'
10/27/2023, 6:05:08 PM [INFO]: App is running on port 8080
10/27/2023, 6:05:08 PM [INFO]: Database connected
10/27/2023, 6:05:08 PM [INFO]: Connected to MQTT broker
10/27/2023, 6:05:08 PM [INFO]: Database connected
10/27/2023, 6:05:08 PM [INFO]: Subscribed to topic: starkennInv3/DMS_NCL_8/data
10/27/2023, 6:05:08 PM [INFO]: Subscribed to topic: starkennInv3/CV43433/data
10/27/2023, 6:05:08 PM [INFO]: Subscribed to topic: starkennInv3/EC02190/data
10/27/2023, 6:05:08 PM [INFO]: Subscribed to topic: starkennInv3/DM0001A/data
10/27/2023, 6:05:08 PM [INFO]: Subscribed to topic: starkennInv3/PIY_001/data
10/27/2023, 6:05:08 PM [INFO]: Subscribed to topic: starkennInv3/DMS_NCL_15/data
10/27/2023, 6:05:08 PM [INFO]: Subscribed to topic: starkennInv3/IUEG/data
10/27/2023, 6:05:08 PM [INFO]: Subscribed to topic: starkennInv3/DMS_CHI_DEMO_3/data
10/27/2023, 6:05:08 PM [INFO]: Subscribed to topic: starkennInv3/DMS_PROD_1/data
10/27/2023, 6:05:08 PM [INFO]: Subscribed to topic: starkennInv3/SCH_001/data
10/27/2023, 6:05:08 PM [INFO]: Subscribed to topic: starkennInv3/SCH_002/data
10/27/2023, 6:05:21 PM [ERROR]: notification error: Unknown column 'notification_uuid' in 'field list'
10/27/2023, 6:07:11 PM [INFO]: App is running on port 8080
10/27/2023, 6:07:11 PM [INFO]: Database connected
10/27/2023, 6:07:11 PM [INFO]: Connected to MQTT broker
10/27/2023, 6:07:11 PM [INFO]: Subscribed to topic: starkennInv3/DMS_NCL_8/data
10/27/2023, 6:07:11 PM [INFO]: Subscribed to topic: starkennInv3/CV43433/data
10/27/2023, 6:07:11 PM [INFO]: Subscribed to topic: starkennInv3/EC02190/data
10/27/2023, 6:07:11 PM [INFO]: Subscribed to topic: starkennInv3/DM0001A/data
10/27/2023, 6:07:11 PM [INFO]: Subscribed to topic: starkennInv3/PIY_001/data
10/27/2023, 6:07:11 PM [INFO]: Subscribed to topic: starkennInv3/DMS_NCL_15/data
10/27/2023, 6:07:11 PM [INFO]: Subscribed to topic: starkennInv3/IUEG/data
10/27/2023, 6:07:11 PM [INFO]: Subscribed to topic: starkennInv3/DMS_CHI_DEMO_3/data
10/27/2023, 6:07:11 PM [INFO]: Subscribed to topic: starkennInv3/DMS_PROD_1/data
10/27/2023, 6:07:11 PM [INFO]: Subscribed to topic: starkennInv3/SCH_001/data
10/27/2023, 6:07:11 PM [INFO]: Subscribed to topic: starkennInv3/SCH_002/data
10/27/2023, 6:07:25 PM [INFO]: Database connected
10/27/2023, 6:07:28 PM [ERROR]: notification error: Unknown column 'notification_uuid' in 'field list'
10/27/2023, 6:09:29 PM [INFO]: App is running on port 8080
10/27/2023, 6:09:29 PM [INFO]: Database connected
10/27/2023, 6:09:29 PM [INFO]: Connected to MQTT broker
10/27/2023, 6:09:29 PM [INFO]: Subscribed to topic: starkennInv3/DMS_NCL_8/data
10/27/2023, 6:09:29 PM [INFO]: Subscribed to topic: starkennInv3/CV43433/data
10/27/2023, 6:09:29 PM [INFO]: Subscribed to topic: starkennInv3/EC02190/data
10/27/2023, 6:09:29 PM [INFO]: Subscribed to topic: starkennInv3/DM0001A/data
10/27/2023, 6:09:29 PM [INFO]: Subscribed to topic: starkennInv3/PIY_001/data
10/27/2023, 6:09:29 PM [INFO]: Subscribed to topic: starkennInv3/DMS_NCL_15/data
10/27/2023, 6:09:29 PM [INFO]: Subscribed to topic: starkennInv3/IUEG/data
10/27/2023, 6:09:29 PM [INFO]: Subscribed to topic: starkennInv3/DMS_CHI_DEMO_3/data
10/27/2023, 6:09:29 PM [INFO]: Subscribed to topic: starkennInv3/DMS_PROD_1/data
10/27/2023, 6:09:29 PM [INFO]: Subscribed to topic: starkennInv3/SCH_001/data
10/27/2023, 6:09:29 PM [INFO]: Subscribed to topic: starkennInv3/SCH_002/data
10/27/2023, 6:09:45 PM [INFO]: Database connected
10/27/2023, 6:10:19 PM [ERROR]: notification error: Unknown column 'notification_uuid' in 'field list'
10/27/2023, 6:10:22 PM [INFO]: App is running on port 8080
10/27/2023, 6:10:22 PM [INFO]: Database connected
10/27/2023, 6:10:22 PM [INFO]: Connected to MQTT broker
10/27/2023, 6:10:22 PM [INFO]: Subscribed to topic: starkennInv3/DMS_NCL_8/data
10/27/2023, 6:10:22 PM [INFO]: Subscribed to topic: starkennInv3/CV43433/data
10/27/2023, 6:10:22 PM [INFO]: Subscribed to topic: starkennInv3/EC02190/data
10/27/2023, 6:10:22 PM [INFO]: Subscribed to topic: starkennInv3/DM0001A/data
10/27/2023, 6:10:22 PM [INFO]: Subscribed to topic: starkennInv3/PIY_001/data
10/27/2023, 6:10:22 PM [INFO]: Subscribed to topic: starkennInv3/DMS_NCL_15/data
10/27/2023, 6:10:22 PM [INFO]: Subscribed to topic: starkennInv3/IUEG/data
10/27/2023, 6:10:22 PM [INFO]: Subscribed to topic: starkennInv3/DMS_CHI_DEMO_3/data
10/27/2023, 6:10:22 PM [INFO]: Subscribed to topic: starkennInv3/DMS_PROD_1/data
10/27/2023, 6:10:22 PM [INFO]: Subscribed to topic: starkennInv3/SCH_001/data
10/27/2023, 6:10:22 PM [INFO]: Subscribed to topic: starkennInv3/SCH_002/data
10/27/2023, 6:11:28 PM [INFO]: Database connected
10/27/2023, 6:11:37 PM [ERROR]: notification error: Unknown column 'notification_uuid' in 'field list'
10/27/2023, 6:11:37 PM [ERROR]: notification error: Unknown column 'notification_uuid' in 'field list'
10/27/2023, 6:11:37 PM [ERROR]: notification error: Unknown column 'notification_uuid' in 'field list'
10/27/2023, 6:11:37 PM [ERROR]: Error in deleting the device ReferenceError: userUUID is not defined
10/27/2023, 6:16:52 PM [INFO]: App is running on port 8080
10/27/2023, 6:16:52 PM [INFO]: Database connected
10/27/2023, 6:16:52 PM [INFO]: Connected to MQTT broker
10/27/2023, 6:16:52 PM [INFO]: Subscribed to topic: starkennInv3/DMS_NCL_8/data
10/27/2023, 6:16:52 PM [INFO]: Subscribed to topic: starkennInv3/CV43433/data
10/27/2023, 6:16:52 PM [INFO]: Subscribed to topic: starkennInv3/EC02190/data
10/27/2023, 6:16:52 PM [INFO]: Subscribed to topic: starkennInv3/DM0001A/data
10/27/2023, 6:16:52 PM [INFO]: Subscribed to topic: starkennInv3/PIY_001/data
10/27/2023, 6:16:52 PM [INFO]: Subscribed to topic: starkennInv3/DMS_NCL_15/data
10/27/2023, 6:16:52 PM [INFO]: Subscribed to topic: starkennInv3/IUEG/data
10/27/2023, 6:16:52 PM [INFO]: Subscribed to topic: starkennInv3/DMS_CHI_DEMO_3/data
10/27/2023, 6:16:52 PM [INFO]: Subscribed to topic: starkennInv3/DMS_PROD_1/data
10/27/2023, 6:16:52 PM [INFO]: Subscribed to topic: starkennInv3/SCH_001/data
10/27/2023, 6:16:52 PM [INFO]: Subscribed to topic: starkennInv3/SCH_002/data
10/27/2023, 6:16:56 PM [INFO]: Database connected
10/27/2023, 6:16:59 PM [ERROR]: notification error: Unknown column 'notification_uuid' in 'field list'
10/27/2023, 6:17:00 PM [ERROR]: notification error: Unknown column 'notification_uuid' in 'field list'
10/27/2023, 6:17:00 PM [ERROR]: notification error: Unknown column 'notification_uuid' in 'field list'
10/27/2023, 6:17:00 PM [ERROR]: Error in deleting the device ReferenceError: userUUID is not defined
10/27/2023, 6:21:12 PM [INFO]: App is running on port 8080
10/27/2023, 6:21:12 PM [INFO]: Database connected
10/27/2023, 6:21:12 PM [INFO]: Connected to MQTT broker
10/27/2023, 6:21:12 PM [INFO]: Subscribed to topic: starkennInv3/DMS_NCL_8/data
10/27/2023, 6:21:12 PM [INFO]: Subscribed to topic: starkennInv3/CV43433/data
10/27/2023, 6:21:12 PM [INFO]: Subscribed to topic: starkennInv3/EC02190/data
10/27/2023, 6:21:12 PM [INFO]: Subscribed to topic: starkennInv3/DM0001A/data
10/27/2023, 6:21:12 PM [INFO]: Subscribed to topic: starkennInv3/PIY_001/data
10/27/2023, 6:21:12 PM [INFO]: Subscribed to topic: starkennInv3/DMS_NCL_15/data
10/27/2023, 6:21:12 PM [INFO]: Subscribed to topic: starkennInv3/IUEG/data
10/27/2023, 6:21:12 PM [INFO]: Subscribed to topic: starkennInv3/DMS_CHI_DEMO_3/data
10/27/2023, 6:21:12 PM [INFO]: Subscribed to topic: starkennInv3/DMS_PROD_1/data
10/27/2023, 6:21:12 PM [INFO]: Subscribed to topic: starkennInv3/SCH_001/data
10/27/2023, 6:21:12 PM [INFO]: Subscribed to topic: starkennInv3/SCH_002/data
10/27/2023, 6:21:15 PM [INFO]: App is running on port 8080
10/27/2023, 6:21:15 PM [INFO]: Database connected
10/27/2023, 6:21:15 PM [INFO]: Connected to MQTT broker
10/27/2023, 6:21:15 PM [INFO]: Subscribed to topic: starkennInv3/DMS_NCL_8/data
10/27/2023, 6:21:15 PM [INFO]: Subscribed to topic: starkennInv3/CV43433/data
10/27/2023, 6:21:15 PM [INFO]: Subscribed to topic: starkennInv3/EC02190/data
10/27/2023, 6:21:15 PM [INFO]: Subscribed to topic: starkennInv3/DM0001A/data
10/27/2023, 6:21:15 PM [INFO]: Subscribed to topic: starkennInv3/PIY_001/data
10/27/2023, 6:21:15 PM [INFO]: Subscribed to topic: starkennInv3/DMS_NCL_15/data
10/27/2023, 6:21:15 PM [INFO]: Subscribed to topic: starkennInv3/IUEG/data
10/27/2023, 6:21:15 PM [INFO]: Subscribed to topic: starkennInv3/DMS_CHI_DEMO_3/data
10/27/2023, 6:21:15 PM [INFO]: Subscribed to topic: starkennInv3/DMS_PROD_1/data
10/27/2023, 6:21:15 PM [INFO]: Subscribed to topic: starkennInv3/SCH_001/data
10/27/2023, 6:21:15 PM [INFO]: Subscribed to topic: starkennInv3/SCH_002/data
10/27/2023, 6:21:19 PM [INFO]: Database connected
10/27/2023, 6:21:22 PM [ERROR]: notification error: Unknown column 'notification_uuid' in 'field list'
10/27/2023, 6:21:37 PM [ERROR]: notification error: Unknown column 'notification_uuid' in 'field list'
10/27/2023, 6:21:37 PM [ERROR]: notification error: Unknown column 'notification_uuid' in 'field list'
10/27/2023, 6:21:37 PM [ERROR]: notification error: Unknown column 'notification_uuid' in 'field list'
10/27/2023, 6:21:37 PM [ERROR]: notification error: Unknown column 'notification_uuid' in 'field list'
10/27/2023, 6:21:40 PM [ERROR]: notification error: Unknown column 'notification_uuid' in 'field list'
10/27/2023, 6:21:40 PM [ERROR]: notification error: Unknown column 'notification_uuid' in 'field list'
10/27/2023, 6:21:40 PM [ERROR]: notification error: Unknown column 'notification_uuid' in 'field list'
10/27/2023, 6:21:41 PM [ERROR]: notification error: Unknown column 'notification_uuid' in 'field list'
10/27/2023, 6:21:41 PM [ERROR]: notification error: Unknown column 'notification_uuid' in 'field list'
10/27/2023, 6:21:42 PM [ERROR]: notification error: Unknown column 'notification_uuid' in 'field list'
10/27/2023, 6:21:42 PM [ERROR]: notification error: Unknown column 'notification_uuid' in 'field list'
10/27/2023, 6:21:42 PM [ERROR]: notification error: Unknown column 'notification_uuid' in 'field list'
10/27/2023, 6:21:43 PM [ERROR]: notification error: Unknown column 'notification_uuid' in 'field list'
10/27/2023, 6:21:43 PM [ERROR]: notification error: Unknown column 'notification_uuid' in 'field list'
10/27/2023, 6:21:43 PM [ERROR]: notification error: Unknown column 'notification_uuid' in 'field list'
10/27/2023, 6:21:44 PM [ERROR]: Error in deleting the alert by trigger_id, Error: TypeError: Bind parameters must not contain undefined. To pass SQL NULL specify JS null 
10/27/2023, 6:23:44 PM [ERROR]: notification error: Unknown column 'notification_uuid' in 'field list'
10/27/2023, 6:23:44 PM [ERROR]: notification error: Unknown column 'notification_uuid' in 'field list'
10/27/2023, 6:23:44 PM [ERROR]: notification error: Unknown column 'notification_uuid' in 'field list'
10/27/2023, 6:23:44 PM [ERROR]: notification error: Unknown column 'notification_uuid' in 'field list'
10/27/2023, 6:23:47 PM [ERROR]: notification error: Unknown column 'notification_uuid' in 'field list'
10/27/2023, 6:23:47 PM [ERROR]: notification error: Unknown column 'notification_uuid' in 'field list'
10/27/2023, 6:23:47 PM [ERROR]: notification error: Unknown column 'notification_uuid' in 'field list'
10/27/2023, 6:23:47 PM [ERROR]: notification error: Unknown column 'notification_uuid' in 'field list'
10/27/2023, 6:23:48 PM [ERROR]: notification error: Unknown column 'notification_uuid' in 'field list'
10/27/2023, 6:23:49 PM [ERROR]: notification error: Unknown column 'notification_uuid' in 'field list'
10/27/2023, 6:23:49 PM [ERROR]: notification error: Unknown column 'notification_uuid' in 'field list'
10/27/2023, 6:23:49 PM [ERROR]: notification error: Unknown column 'notification_uuid' in 'field list'
10/27/2023, 6:23:50 PM [ERROR]: notification error: Unknown column 'notification_uuid' in 'field list'
10/27/2023, 6:23:51 PM [ERROR]: notification error: Unknown column 'notification_uuid' in 'field list'
10/27/2023, 6:23:51 PM [ERROR]: notification error: Unknown column 'notification_uuid' in 'field list'
10/27/2023, 6:23:51 PM [ERROR]: Error in deleting the alert by trigger_id, Error: TypeError: Bind parameters must not contain undefined. To pass SQL NULL specify JS null 
10/27/2023, 6:25:03 PM [INFO]: App is running on port 8080
10/27/2023, 6:25:03 PM [INFO]: Database connected
10/27/2023, 6:25:03 PM [INFO]: Connected to MQTT broker
10/27/2023, 6:25:03 PM [INFO]: Database connected
10/27/2023, 6:25:03 PM [INFO]: Database connected
10/27/2023, 6:25:03 PM [INFO]: Subscribed to topic: starkennInv3/DMS_NCL_8/data
10/27/2023, 6:25:03 PM [INFO]: Subscribed to topic: starkennInv3/CV43433/data
10/27/2023, 6:25:03 PM [INFO]: Subscribed to topic: starkennInv3/EC02190/data
10/27/2023, 6:25:03 PM [INFO]: Subscribed to topic: starkennInv3/DM0001A/data
10/27/2023, 6:25:03 PM [INFO]: Subscribed to topic: starkennInv3/PIY_001/data
10/27/2023, 6:25:03 PM [INFO]: Subscribed to topic: starkennInv3/DMS_NCL_15/data
10/27/2023, 6:25:03 PM [INFO]: Subscribed to topic: starkennInv3/IUEG/data
10/27/2023, 6:25:03 PM [INFO]: Subscribed to topic: starkennInv3/DMS_CHI_DEMO_3/data
10/27/2023, 6:25:03 PM [INFO]: Subscribed to topic: starkennInv3/DMS_PROD_1/data
10/27/2023, 6:25:03 PM [INFO]: Subscribed to topic: starkennInv3/SCH_001/data
10/27/2023, 6:25:03 PM [INFO]: Subscribed to topic: starkennInv3/SCH_002/data
10/27/2023, 6:25:07 PM [ERROR]: notification error: Unknown column 'notification_uuid' in 'field list'
10/27/2023, 6:25:08 PM [ERROR]: notification error: Unknown column 'notification_uuid' in 'field list'
10/27/2023, 6:25:08 PM [ERROR]: notification error: Unknown column 'notification_uuid' in 'field list'
10/27/2023, 6:25:08 PM [ERROR]: notification error: Unknown column 'notification_uuid' in 'field list'
10/27/2023, 6:25:11 PM [ERROR]: notification error: Unknown column 'notification_uuid' in 'field list'
10/27/2023, 6:25:11 PM [ERROR]: notification error: Unknown column 'notification_uuid' in 'field list'
10/27/2023, 6:25:11 PM [ERROR]: notification error: Unknown column 'notification_uuid' in 'field list'
10/27/2023, 6:25:11 PM [ERROR]: notification error: Unknown column 'notification_uuid' in 'field list'
10/27/2023, 6:25:12 PM [ERROR]: notification error: Unknown column 'notification_uuid' in 'field list'
10/27/2023, 6:25:12 PM [ERROR]: notification error: Unknown column 'notification_uuid' in 'field list'
10/27/2023, 6:25:12 PM [ERROR]: notification error: Unknown column 'notification_uuid' in 'field list'
10/27/2023, 6:25:13 PM [ERROR]: notification error: Unknown column 'notification_uuid' in 'field list'
10/27/2023, 6:25:13 PM [ERROR]: notification error: Unknown column 'notification_uuid' in 'field list'
10/27/2023, 6:25:14 PM [ERROR]: notification error: Unknown column 'notification_uuid' in 'field list'
10/27/2023, 6:25:14 PM [ERROR]: notification error: Unknown column 'notification_uuid' in 'field list'
10/27/2023, 6:25:14 PM [ERROR]: notification error: Unknown column 'notification_uuid' in 'field list'
10/27/2023, 6:25:16 PM [ERROR]: notification error: Unknown column 'notification_uuid' in 'field list'
10/27/2023, 6:34:53 PM [INFO]: Vehicle not found for the incomming device ID DMS_PROD_1
10/27/2023, 6:34:53 PM [ERROR]: Something went wrong while completing the trip TypeError: Cannot read properties of null (reading '0')
10/27/2023, 6:34:54 PM [INFO]: Vehicle not found for the incomming device ID DMS_PROD_1
10/27/2023, 6:34:54 PM [ERROR]: Something went wrong while completing the trip TypeError: Cannot read properties of null (reading '0')
10/27/2023, 6:35:04 PM [INFO]: Vehicle not found for the incomming device ID DMS_PROD_1
10/27/2023, 6:35:04 PM [ERROR]: Something went wrong while completing the trip TypeError: Cannot read properties of null (reading '0')
10/27/2023, 6:35:14 PM [INFO]: Vehicle not found for the incomming device ID DMS_PROD_1
10/27/2023, 6:35:14 PM [ERROR]: Something went wrong while completing the trip TypeError: Cannot read properties of null (reading '0')
10/27/2023, 6:35:24 PM [INFO]: Vehicle not found for the incomming device ID DMS_PROD_1
10/27/2023, 6:35:24 PM [ERROR]: Something went wrong while completing the trip TypeError: Cannot read properties of null (reading '0')
10/27/2023, 6:35:34 PM [INFO]: Vehicle not found for the incomming device ID DMS_PROD_1
10/27/2023, 6:35:34 PM [ERROR]: Something went wrong while completing the trip TypeError: Cannot read properties of null (reading '0')
10/27/2023, 6:35:44 PM [INFO]: Vehicle not found for the incomming device ID DMS_PROD_1
10/27/2023, 6:35:44 PM [ERROR]: Something went wrong while completing the trip TypeError: Cannot read properties of null (reading '0')
10/27/2023, 6:35:54 PM [INFO]: Vehicle not found for the incomming device ID DMS_PROD_1
10/27/2023, 6:35:54 PM [ERROR]: Something went wrong while completing the trip TypeError: Cannot read properties of null (reading '0')
10/27/2023, 6:36:04 PM [INFO]: Vehicle not found for the incomming device ID DMS_PROD_1
10/27/2023, 6:36:04 PM [ERROR]: Something went wrong while completing the trip TypeError: Cannot read properties of null (reading '0')
10/27/2023, 6:36:09 PM [INFO]: App is running on port 8080
10/27/2023, 6:36:09 PM [INFO]: Database connected
10/27/2023, 6:36:09 PM [INFO]: Connected to MQTT broker
10/27/2023, 6:36:09 PM [INFO]: Subscribed to topic: starkennInv3/DMS_NCL_8/data
10/27/2023, 6:36:09 PM [INFO]: Subscribed to topic: starkennInv3/CV43433/data
10/27/2023, 6:36:09 PM [INFO]: Subscribed to topic: starkennInv3/EC02190/data
10/27/2023, 6:36:09 PM [INFO]: Subscribed to topic: starkennInv3/DM0001A/data
10/27/2023, 6:36:09 PM [INFO]: Subscribed to topic: starkennInv3/PIY_001/data
10/27/2023, 6:36:09 PM [INFO]: Subscribed to topic: starkennInv3/DMS_NCL_15/data
10/27/2023, 6:36:09 PM [INFO]: Subscribed to topic: starkennInv3/IUEG/data
10/27/2023, 6:36:09 PM [INFO]: Subscribed to topic: starkennInv3/DMS_CHI_DEMO_3/data
10/27/2023, 6:36:09 PM [INFO]: Subscribed to topic: starkennInv3/DMS_PROD_1/data
10/27/2023, 6:36:09 PM [INFO]: Subscribed to topic: starkennInv3/SCH_001/data
10/27/2023, 6:36:09 PM [INFO]: Subscribed to topic: starkennInv3/SCH_002/data
10/27/2023, 6:36:13 PM [INFO]: Database connected
10/27/2023, 6:36:14 PM [INFO]: Database connected
10/27/2023, 6:36:14 PM [INFO]: Database connected
10/27/2023, 6:36:14 PM [INFO]: Vehicle not found for the incomming device ID DMS_PROD_1
10/27/2023, 6:36:14 PM [ERROR]: Something went wrong while completing the trip TypeError: Cannot read properties of null (reading '0')
10/27/2023, 6:36:18 PM [ERROR]: notification error: Unknown column 'notification_uuid' in 'field list'
10/27/2023, 6:36:19 PM [ERROR]: notification error: Unknown column 'notification_uuid' in 'field list'
10/27/2023, 6:36:19 PM [ERROR]: notification error: Unknown column 'notification_uuid' in 'field list'
10/27/2023, 6:36:19 PM [ERROR]: notification error: Unknown column 'notification_uuid' in 'field list'
10/27/2023, 6:36:22 PM [ERROR]: notification error: Unknown column 'notification_uuid' in 'field list'
10/27/2023, 6:36:22 PM [ERROR]: notification error: Unknown column 'notification_uuid' in 'field list'
10/27/2023, 6:36:22 PM [ERROR]: notification error: Unknown column 'notification_uuid' in 'field list'
10/27/2023, 6:36:22 PM [ERROR]: notification error: Unknown column 'notification_uuid' in 'field list'
10/27/2023, 6:36:23 PM [ERROR]: notification error: Unknown column 'notification_uuid' in 'field list'
10/27/2023, 6:36:23 PM [ERROR]: notification error: Unknown column 'notification_uuid' in 'field list'
10/27/2023, 6:36:23 PM [ERROR]: notification error: Unknown column 'notification_uuid' in 'field list'
10/27/2023, 6:36:24 PM [ERROR]: notification error: Unknown column 'notification_uuid' in 'field list'
10/27/2023, 6:36:24 PM [ERROR]: notification error: Unknown column 'notification_uuid' in 'field list'
10/27/2023, 6:36:24 PM [INFO]: Vehicle not found for the incomming device ID DMS_PROD_1
10/27/2023, 6:36:24 PM [ERROR]: Something went wrong while completing the trip TypeError: Cannot read properties of null (reading '0')
10/27/2023, 6:36:25 PM [ERROR]: notification error: Unknown column 'notification_uuid' in 'field list'
10/27/2023, 6:36:25 PM [ERROR]: notification error: Unknown column 'notification_uuid' in 'field list'
10/27/2023, 6:36:25 PM [ERROR]: notification error: Unknown column 'notification_uuid' in 'field list'
10/27/2023, 6:36:26 PM [ERROR]: notification error: Unknown column 'notification_uuid' in 'field list'
10/27/2023, 6:36:35 PM [INFO]: Vehicle not found for the incomming device ID DMS_PROD_1
10/27/2023, 6:36:35 PM [ERROR]: Something went wrong while completing the trip TypeError: Cannot read properties of null (reading '0')
10/27/2023, 6:36:35 PM [INFO]: Vehicle not found for the incomming device ID DMS_PROD_1
10/27/2023, 6:36:35 PM [ERROR]: Something went wrong while completing the trip TypeError: Cannot read properties of null (reading '0')
10/27/2023, 6:36:45 PM [INFO]: Vehicle not found for the incomming device ID DMS_PROD_1
10/27/2023, 6:36:45 PM [ERROR]: Something went wrong while completing the trip TypeError: Cannot read properties of null (reading '0')
10/27/2023, 6:36:55 PM [INFO]: Vehicle not found for the incomming device ID DMS_PROD_1
10/27/2023, 6:36:55 PM [ERROR]: Something went wrong while completing the trip TypeError: Cannot read properties of null (reading '0')
10/27/2023, 6:37:05 PM [INFO]: Vehicle not found for the incomming device ID DMS_PROD_1
10/27/2023, 6:37:05 PM [ERROR]: Something went wrong while completing the trip TypeError: Cannot read properties of null (reading '0')
10/27/2023, 6:37:15 PM [INFO]: Vehicle not found for the incomming device ID DMS_PROD_1
10/27/2023, 6:37:15 PM [ERROR]: Something went wrong while completing the trip TypeError: Cannot read properties of null (reading '0')
10/27/2023, 6:37:25 PM [INFO]: Vehicle not found for the incomming device ID DMS_PROD_1
10/27/2023, 6:37:25 PM [ERROR]: Something went wrong while completing the trip TypeError: Cannot read properties of null (reading '0')
10/27/2023, 6:37:35 PM [INFO]: Vehicle not found for the incomming device ID DMS_PROD_1
10/27/2023, 6:37:35 PM [ERROR]: Something went wrong while completing the trip TypeError: Cannot read properties of null (reading '0')
10/27/2023, 6:37:45 PM [INFO]: Vehicle not found for the incomming device ID DMS_PROD_1
10/27/2023, 6:37:45 PM [ERROR]: Something went wrong while completing the trip TypeError: Cannot read properties of null (reading '0')
10/27/2023, 6:37:56 PM [INFO]: Vehicle not found for the incomming device ID DMS_PROD_1
10/27/2023, 6:37:56 PM [ERROR]: Something went wrong while completing the trip TypeError: Cannot read properties of null (reading '0')
10/27/2023, 6:38:06 PM [INFO]: Vehicle not found for the incomming device ID DMS_PROD_1
10/27/2023, 6:38:06 PM [ERROR]: Something went wrong while completing the trip TypeError: Cannot read properties of null (reading '0')
10/27/2023, 6:38:16 PM [INFO]: Vehicle not found for the incomming device ID DMS_PROD_1
10/27/2023, 6:38:16 PM [ERROR]: Something went wrong while completing the trip TypeError: Cannot read properties of null (reading '0')
10/27/2023, 6:38:26 PM [INFO]: Vehicle not found for the incomming device ID DMS_PROD_1
10/27/2023, 6:38:26 PM [ERROR]: Something went wrong while completing the trip TypeError: Cannot read properties of null (reading '0')
10/27/2023, 6:38:36 PM [INFO]: Vehicle not found for the incomming device ID DMS_PROD_1
10/27/2023, 6:38:36 PM [ERROR]: Something went wrong while completing the trip TypeError: Cannot read properties of null (reading '0')
10/27/2023, 6:38:46 PM [INFO]: Vehicle not found for the incomming device ID DMS_PROD_1
10/27/2023, 6:38:46 PM [ERROR]: Something went wrong while completing the trip TypeError: Cannot read properties of null (reading '0')
10/27/2023, 6:38:56 PM [INFO]: Vehicle not found for the incomming device ID DMS_PROD_1
10/27/2023, 6:38:56 PM [ERROR]: Something went wrong while completing the trip TypeError: Cannot read properties of null (reading '0')
10/27/2023, 6:39:06 PM [INFO]: Vehicle not found for the incomming device ID DMS_PROD_1
10/27/2023, 6:39:06 PM [ERROR]: Something went wrong while completing the trip TypeError: Cannot read properties of null (reading '0')
10/27/2023, 6:39:17 PM [INFO]: Vehicle not found for the incomming device ID DMS_PROD_1
10/27/2023, 6:39:17 PM [ERROR]: Something went wrong while completing the trip TypeError: Cannot read properties of null (reading '0')
10/27/2023, 6:39:27 PM [INFO]: Vehicle not found for the incomming device ID DMS_PROD_1
10/27/2023, 6:39:27 PM [ERROR]: Something went wrong while completing the trip TypeError: Cannot read properties of null (reading '0')
10/27/2023, 6:42:56 PM [INFO]: App is running on port 8080
10/27/2023, 6:42:56 PM [INFO]: Database connected
10/27/2023, 6:42:56 PM [INFO]: Connected to MQTT broker
10/27/2023, 6:42:56 PM [INFO]: Subscribed to topic: starkennInv3/DMS_NCL_8/data
10/27/2023, 6:42:56 PM [INFO]: Subscribed to topic: starkennInv3/CV43433/data
10/27/2023, 6:42:56 PM [INFO]: Subscribed to topic: starkennInv3/EC02190/data
10/27/2023, 6:42:56 PM [INFO]: Subscribed to topic: starkennInv3/DM0001A/data
10/27/2023, 6:42:56 PM [INFO]: Subscribed to topic: starkennInv3/PIY_001/data
10/27/2023, 6:42:56 PM [INFO]: Subscribed to topic: starkennInv3/DMS_NCL_15/data
10/27/2023, 6:42:56 PM [INFO]: Subscribed to topic: starkennInv3/IUEG/data
10/27/2023, 6:42:56 PM [INFO]: Subscribed to topic: starkennInv3/DMS_CHI_DEMO_3/data
10/27/2023, 6:42:56 PM [INFO]: Subscribed to topic: starkennInv3/DMS_PROD_1/data
10/27/2023, 6:42:56 PM [INFO]: Subscribed to topic: starkennInv3/SCH_001/data
10/27/2023, 6:42:56 PM [INFO]: Subscribed to topic: starkennInv3/SCH_002/data
10/27/2023, 6:43:00 PM [INFO]: Database connected
10/27/2023, 6:43:10 PM [ERROR]: notification error: Unknown column 'notification_uuid' in 'field list'
10/27/2023, 6:43:10 PM [ERROR]: notification error: Unknown column 'notification_uuid' in 'field list'
10/27/2023, 6:43:10 PM [ERROR]: notification error: Unknown column 'notification_uuid' in 'field list'
10/27/2023, 6:43:10 PM [ERROR]: notification error: Unknown column 'notification_uuid' in 'field list'
10/27/2023, 6:43:14 PM [ERROR]: notification error: Unknown column 'notification_uuid' in 'field list'
10/27/2023, 6:43:14 PM [ERROR]: notification error: Unknown column 'notification_uuid' in 'field list'
10/27/2023, 6:43:14 PM [ERROR]: notification error: Unknown column 'notification_uuid' in 'field list'
10/27/2023, 6:43:14 PM [ERROR]: notification error: Unknown column 'notification_uuid' in 'field list'
10/27/2023, 6:43:15 PM [ERROR]: notification error: Unknown column 'notification_uuid' in 'field list'
10/27/2023, 6:43:15 PM [ERROR]: notification error: Unknown column 'notification_uuid' in 'field list'
10/27/2023, 6:43:15 PM [ERROR]: notification error: Unknown column 'notification_uuid' in 'field list'
10/27/2023, 6:43:16 PM [ERROR]: notification error: Unknown column 'notification_uuid' in 'field list'
10/27/2023, 6:43:16 PM [ERROR]: notification error: Unknown column 'notification_uuid' in 'field list'
10/27/2023, 6:43:17 PM [ERROR]: notification error: Unknown column 'notification_uuid' in 'field list'
10/27/2023, 6:43:17 PM [ERROR]: notification error: Unknown column 'notification_uuid' in 'field list'
10/27/2023, 6:43:18 PM [ERROR]: notification error: Unknown column 'notification_uuid' in 'field list'
10/27/2023, 6:43:19 PM [ERROR]: notification error: Unknown column 'notification_uuid' in 'field list'
10/27/2023, 6:50:33 PM [INFO]: App is running on port 8080
10/27/2023, 6:50:34 PM [INFO]: Database connected
10/27/2023, 6:50:34 PM [INFO]: Connected to MQTT broker
10/27/2023, 6:50:34 PM [INFO]: Subscribed to topic: starkennInv3/DMS_NCL_8/data
10/27/2023, 6:50:34 PM [INFO]: Subscribed to topic: starkennInv3/CV43433/data
10/27/2023, 6:50:34 PM [INFO]: Subscribed to topic: starkennInv3/EC02190/data
10/27/2023, 6:50:34 PM [INFO]: Subscribed to topic: starkennInv3/DM0001A/data
10/27/2023, 6:50:34 PM [INFO]: Subscribed to topic: starkennInv3/PIY_001/data
10/27/2023, 6:50:34 PM [INFO]: Subscribed to topic: starkennInv3/DMS_NCL_15/data
10/27/2023, 6:50:34 PM [INFO]: Subscribed to topic: starkennInv3/IUEG/data
10/27/2023, 6:50:34 PM [INFO]: Subscribed to topic: starkennInv3/DMS_CHI_DEMO_3/data
10/27/2023, 6:50:34 PM [INFO]: Subscribed to topic: starkennInv3/DMS_PROD_1/data
10/27/2023, 6:50:34 PM [INFO]: Subscribed to topic: starkennInv3/SCH_001/data
10/27/2023, 6:50:34 PM [INFO]: Subscribed to topic: starkennInv3/SCH_002/data
10/27/2023, 6:50:34 PM [INFO]: Database connected
10/27/2023, 6:50:46 PM [ERROR]: notification error: Unknown column 'notification_uuid' in 'field list'
10/27/2023, 6:50:47 PM [ERROR]: notification error: Unknown column 'notification_uuid' in 'field list'
10/27/2023, 6:50:47 PM [ERROR]: notification error: Unknown column 'notification_uuid' in 'field list'
10/27/2023, 6:50:47 PM [ERROR]: notification error: Unknown column 'notification_uuid' in 'field list'
10/27/2023, 6:50:50 PM [ERROR]: notification error: Unknown column 'notification_uuid' in 'field list'
10/27/2023, 6:50:50 PM [ERROR]: notification error: Unknown column 'notification_uuid' in 'field list'
10/27/2023, 6:50:51 PM [ERROR]: notification error: Unknown column 'notification_uuid' in 'field list'
10/27/2023, 6:50:51 PM [ERROR]: notification error: Unknown column 'notification_uuid' in 'field list'
10/27/2023, 6:50:51 PM [ERROR]: notification error: Unknown column 'notification_uuid' in 'field list'
10/27/2023, 6:50:52 PM [ERROR]: notification error: Unknown column 'notification_uuid' in 'field list'
10/27/2023, 6:50:52 PM [ERROR]: notification error: Unknown column 'notification_uuid' in 'field list'
10/27/2023, 6:50:52 PM [ERROR]: notification error: Unknown column 'notification_uuid' in 'field list'
10/27/2023, 6:50:53 PM [ERROR]: notification error: Unknown column 'notification_uuid' in 'field list'
10/27/2023, 6:50:53 PM [ERROR]: notification error: Unknown column 'notification_uuid' in 'field list'
10/27/2023, 6:50:53 PM [ERROR]: notification error: Unknown column 'notification_uuid' in 'field list'
10/27/2023, 6:50:53 PM [ERROR]: notification error: Unknown column 'notification_uuid' in 'field list'
10/27/2023, 6:50:55 PM [ERROR]: notification error: Unknown column 'notification_uuid' in 'field list'
10/27/2023, 6:51:17 PM [INFO]: App is running on port 8080
10/27/2023, 6:51:17 PM [INFO]: Database connected
10/27/2023, 6:51:17 PM [INFO]: Database connected
10/27/2023, 6:51:17 PM [INFO]: Connected to MQTT broker
10/27/2023, 6:51:17 PM [INFO]: Subscribed to topic: starkennInv3/DMS_NCL_8/data
10/27/2023, 6:51:17 PM [INFO]: Subscribed to topic: starkennInv3/CV43433/data
10/27/2023, 6:51:17 PM [INFO]: Subscribed to topic: starkennInv3/EC02190/data
10/27/2023, 6:51:17 PM [INFO]: Subscribed to topic: starkennInv3/DM0001A/data
10/27/2023, 6:51:17 PM [INFO]: Subscribed to topic: starkennInv3/PIY_001/data
10/27/2023, 6:51:17 PM [INFO]: Subscribed to topic: starkennInv3/DMS_NCL_15/data
10/27/2023, 6:51:17 PM [INFO]: Subscribed to topic: starkennInv3/IUEG/data
10/27/2023, 6:51:17 PM [INFO]: Subscribed to topic: starkennInv3/DMS_CHI_DEMO_3/data
10/27/2023, 6:51:17 PM [INFO]: Subscribed to topic: starkennInv3/DMS_PROD_1/data
10/27/2023, 6:51:17 PM [INFO]: Subscribed to topic: starkennInv3/SCH_001/data
10/27/2023, 6:51:17 PM [INFO]: Subscribed to topic: starkennInv3/SCH_002/data
10/27/2023, 6:51:22 PM [ERROR]: notification error: Unknown column 'notification_uuid' in 'field list'
10/27/2023, 6:51:33 PM [ERROR]: notification error: Unknown column 'notification_uuid' in 'field list'
10/27/2023, 6:51:41 PM [ERROR]: notification error: Unknown column 'notification_uuid' in 'field list'
10/27/2023, 6:51:41 PM [ERROR]: notification error: Unknown column 'notification_uuid' in 'field list'
10/27/2023, 6:51:41 PM [ERROR]: notification error: Unknown column 'notification_uuid' in 'field list'
10/27/2023, 6:51:42 PM [ERROR]: notification error: Unknown column 'notification_uuid' in 'field list'
10/27/2023, 6:51:45 PM [ERROR]: notification error: Unknown column 'notification_uuid' in 'field list'
10/27/2023, 6:51:45 PM [ERROR]: notification error: Unknown column 'notification_uuid' in 'field list'
10/27/2023, 6:51:45 PM [ERROR]: notification error: Unknown column 'notification_uuid' in 'field list'
10/27/2023, 6:51:45 PM [ERROR]: notification error: Unknown column 'notification_uuid' in 'field list'
10/27/2023, 6:51:46 PM [ERROR]: notification error: Unknown column 'notification_uuid' in 'field list'
10/27/2023, 6:51:46 PM [ERROR]: notification error: Unknown column 'notification_uuid' in 'field list'
10/27/2023, 6:51:47 PM [ERROR]: notification error: Unknown column 'notification_uuid' in 'field list'
10/27/2023, 6:51:47 PM [ERROR]: notification error: Unknown column 'notification_uuid' in 'field list'
10/27/2023, 6:51:48 PM [ERROR]: notification error: Unknown column 'notification_uuid' in 'field list'
10/27/2023, 6:51:48 PM [ERROR]: notification error: Unknown column 'notification_uuid' in 'field list'
10/27/2023, 6:51:49 PM [ERROR]: notification error: Unknown column 'notification_uuid' in 'field list'
10/27/2023, 6:51:49 PM [ERROR]: notification error: Unknown column 'notification_uuid' in 'field list'
10/27/2023, 6:51:50 PM [ERROR]: notification error: Unknown column 'notification_uuid' in 'field list'
10/30/2023, 9:55:54 AM [INFO]: App is running on port 8080
10/30/2023, 9:55:54 AM [INFO]: Database connected
10/30/2023, 9:55:54 AM [INFO]: Connected to MQTT broker
10/30/2023, 9:55:54 AM [INFO]: Database connected
10/30/2023, 9:55:54 AM [INFO]: Subscribed to topic: starkennInv3/DMS_NCL_8/data
10/30/2023, 9:55:54 AM [INFO]: Subscribed to topic: starkennInv3/CV43433/data
10/30/2023, 9:55:54 AM [INFO]: Subscribed to topic: starkennInv3/EC02190/data
10/30/2023, 9:55:54 AM [INFO]: Subscribed to topic: starkennInv3/DM0001A/data
10/30/2023, 9:55:54 AM [INFO]: Subscribed to topic: starkennInv3/PIY_001/data
10/30/2023, 9:55:54 AM [INFO]: Subscribed to topic: starkennInv3/DMS_NCL_15/data
10/30/2023, 9:55:54 AM [INFO]: Subscribed to topic: starkennInv3/IUEG/data
10/30/2023, 9:55:54 AM [INFO]: Subscribed to topic: starkennInv3/DMS_CHI_DEMO_3/data
10/30/2023, 9:55:54 AM [INFO]: Subscribed to topic: starkennInv3/DMS_PROD_1/data
10/30/2023, 9:55:54 AM [INFO]: Subscribed to topic: starkennInv3/SCH_001/data
10/30/2023, 9:55:54 AM [INFO]: Subscribed to topic: starkennInv3/SCH_002/data
10/30/2023, 10:01:43 AM [ERROR]: notification error: Unknown column 'notification_uuid' in 'field list'
10/30/2023, 10:01:43 AM [ERROR]: notification error: Unknown column 'notification_uuid' in 'field list'
10/30/2023, 10:01:43 AM [ERROR]: notification error: Unknown column 'notification_uuid' in 'field list'
10/30/2023, 10:01:43 AM [ERROR]: notification error: Unknown column 'notification_uuid' in 'field list'
10/30/2023, 10:01:45 AM [ERROR]: notification error: Unknown column 'notification_uuid' in 'field list'
10/30/2023, 10:01:45 AM [ERROR]: notification error: Unknown column 'notification_uuid' in 'field list'
10/30/2023, 10:01:46 AM [ERROR]: notification error: Unknown column 'notification_uuid' in 'field list'
10/30/2023, 10:01:46 AM [ERROR]: notification error: Unknown column 'notification_uuid' in 'field list'
10/30/2023, 10:01:46 AM [ERROR]: notification error: Unknown column 'notification_uuid' in 'field list'
10/30/2023, 10:01:46 AM [ERROR]: notification error: Unknown column 'notification_uuid' in 'field list'
10/30/2023, 10:01:46 AM [ERROR]: notification error: Unknown column 'notification_uuid' in 'field list'
10/30/2023, 10:01:47 AM [ERROR]: notification error: Unknown column 'notification_uuid' in 'field list'
10/30/2023, 10:01:47 AM [ERROR]: notification error: Unknown column 'notification_uuid' in 'field list'
10/30/2023, 10:01:48 AM [ERROR]: notification error: Unknown column 'notification_uuid' in 'field list'
10/30/2023, 10:01:48 AM [ERROR]: notification error: Unknown column 'notification_uuid' in 'field list'
10/30/2023, 10:01:48 AM [ERROR]: notification error: Unknown column 'notification_uuid' in 'field list'
10/30/2023, 10:01:49 AM [ERROR]: notification error: Unknown column 'notification_uuid' in 'field list'
10/30/2023, 10:06:38 AM [INFO]: App is running on port 8080
10/30/2023, 10:06:38 AM [INFO]: Database connected
10/30/2023, 10:06:38 AM [INFO]: Connected to MQTT broker
10/30/2023, 10:06:38 AM [INFO]: Subscribed to topic: starkennInv3/DMS_NCL_8/data
10/30/2023, 10:06:38 AM [INFO]: Subscribed to topic: starkennInv3/CV43433/data
10/30/2023, 10:06:38 AM [INFO]: Subscribed to topic: starkennInv3/EC02190/data
10/30/2023, 10:06:38 AM [INFO]: Subscribed to topic: starkennInv3/DM0001A/data
10/30/2023, 10:06:38 AM [INFO]: Subscribed to topic: starkennInv3/PIY_001/data
10/30/2023, 10:06:38 AM [INFO]: Subscribed to topic: starkennInv3/DMS_NCL_15/data
10/30/2023, 10:06:38 AM [INFO]: Subscribed to topic: starkennInv3/IUEG/data
10/30/2023, 10:06:38 AM [INFO]: Subscribed to topic: starkennInv3/DMS_CHI_DEMO_3/data
10/30/2023, 10:06:38 AM [INFO]: Subscribed to topic: starkennInv3/DMS_PROD_1/data
10/30/2023, 10:06:38 AM [INFO]: Subscribed to topic: starkennInv3/SCH_001/data
10/30/2023, 10:06:38 AM [INFO]: Subscribed to topic: starkennInv3/SCH_002/data
10/30/2023, 10:06:39 AM [INFO]: Database connected
10/30/2023, 10:06:42 AM [ERROR]: notification error: Unknown column 'notification_uuid' in 'field list'
10/30/2023, 10:07:02 AM [ERROR]: notification error: Unknown column 'notification_uuid' in 'field list'
10/30/2023, 10:07:09 AM [INFO]: App is running on port 8080
10/30/2023, 10:07:09 AM [INFO]: Database connected
10/30/2023, 10:07:09 AM [INFO]: Connected to MQTT broker
10/30/2023, 10:07:09 AM [INFO]: Database connected
10/30/2023, 10:07:09 AM [INFO]: Database connected
10/30/2023, 10:07:09 AM [INFO]: Subscribed to topic: starkennInv3/DMS_NCL_8/data
10/30/2023, 10:07:09 AM [INFO]: Subscribed to topic: starkennInv3/CV43433/data
10/30/2023, 10:07:09 AM [INFO]: Subscribed to topic: starkennInv3/EC02190/data
10/30/2023, 10:07:09 AM [INFO]: Subscribed to topic: starkennInv3/DM0001A/data
10/30/2023, 10:07:09 AM [INFO]: Subscribed to topic: starkennInv3/PIY_001/data
10/30/2023, 10:07:09 AM [INFO]: Subscribed to topic: starkennInv3/DMS_NCL_15/data
10/30/2023, 10:07:09 AM [INFO]: Subscribed to topic: starkennInv3/IUEG/data
10/30/2023, 10:07:09 AM [INFO]: Subscribed to topic: starkennInv3/DMS_CHI_DEMO_3/data
10/30/2023, 10:07:09 AM [INFO]: Subscribed to topic: starkennInv3/DMS_PROD_1/data
10/30/2023, 10:07:09 AM [INFO]: Subscribed to topic: starkennInv3/SCH_001/data
10/30/2023, 10:07:09 AM [INFO]: Subscribed to topic: starkennInv3/SCH_002/data
10/30/2023, 10:07:22 AM [ERROR]: notification error: Unknown column 'notification_uuid' in 'field list'
10/30/2023, 10:07:22 AM [ERROR]: notification error: Unknown column 'notification_uuid' in 'field list'
10/30/2023, 10:07:22 AM [ERROR]: notification error: Unknown column 'notification_uuid' in 'field list'
10/30/2023, 10:07:22 AM [ERROR]: notification error: Unknown column 'notification_uuid' in 'field list'
10/30/2023, 10:07:24 AM [ERROR]: notification error: Unknown column 'notification_uuid' in 'field list'
10/30/2023, 10:07:25 AM [ERROR]: notification error: Unknown column 'notification_uuid' in 'field list'
10/30/2023, 10:07:25 AM [ERROR]: notification error: Unknown column 'notification_uuid' in 'field list'
10/30/2023, 10:07:25 AM [ERROR]: notification error: Unknown column 'notification_uuid' in 'field list'
10/30/2023, 10:07:25 AM [ERROR]: notification error: Unknown column 'notification_uuid' in 'field list'
10/30/2023, 10:07:25 AM [ERROR]: notification error: Unknown column 'notification_uuid' in 'field list'
10/30/2023, 10:07:25 AM [ERROR]: notification error: Unknown column 'notification_uuid' in 'field list'
10/30/2023, 10:07:26 AM [ERROR]: notification error: Unknown column 'notification_uuid' in 'field list'
10/30/2023, 10:07:26 AM [ERROR]: notification error: Unknown column 'notification_uuid' in 'field list'
10/30/2023, 10:07:27 AM [ERROR]: notification error: Unknown column 'notification_uuid' in 'field list'
10/30/2023, 10:07:27 AM [ERROR]: notification error: Unknown column 'notification_uuid' in 'field list'
10/30/2023, 10:07:27 AM [ERROR]: notification error: Unknown column 'notification_uuid' in 'field list'
10/30/2023, 10:07:28 AM [ERROR]: notification error: Unknown column 'notification_uuid' in 'field list'
10/30/2023, 10:08:33 AM [INFO]: App is running on port 8080
10/30/2023, 10:08:33 AM [INFO]: Database connected
10/30/2023, 10:08:33 AM [INFO]: Connected to MQTT broker
10/30/2023, 10:08:33 AM [INFO]: Subscribed to topic: starkennInv3/DMS_NCL_8/data
10/30/2023, 10:08:33 AM [INFO]: Subscribed to topic: starkennInv3/CV43433/data
10/30/2023, 10:08:33 AM [INFO]: Subscribed to topic: starkennInv3/EC02190/data
10/30/2023, 10:08:33 AM [INFO]: Subscribed to topic: starkennInv3/DM0001A/data
10/30/2023, 10:08:33 AM [INFO]: Subscribed to topic: starkennInv3/PIY_001/data
10/30/2023, 10:08:33 AM [INFO]: Subscribed to topic: starkennInv3/DMS_NCL_15/data
10/30/2023, 10:08:33 AM [INFO]: Subscribed to topic: starkennInv3/IUEG/data
10/30/2023, 10:08:33 AM [INFO]: Subscribed to topic: starkennInv3/DMS_CHI_DEMO_3/data
10/30/2023, 10:08:33 AM [INFO]: Subscribed to topic: starkennInv3/DMS_PROD_1/data
10/30/2023, 10:08:33 AM [INFO]: Subscribed to topic: starkennInv3/SCH_001/data
10/30/2023, 10:08:33 AM [INFO]: Subscribed to topic: starkennInv3/SCH_002/data
10/30/2023, 10:08:33 AM [INFO]: Database connected
10/30/2023, 10:08:53 AM [ERROR]: notification error: Unknown column 'notification_uuid' in 'field list'
10/30/2023, 10:09:16 AM [ERROR]: notification error: Unknown column 'notification_uuid' in 'field list'
10/30/2023, 10:09:17 AM [ERROR]: notification error: Unknown column 'notification_uuid' in 'field list'
10/30/2023, 10:09:17 AM [ERROR]: notification error: Unknown column 'notification_uuid' in 'field list'
10/30/2023, 10:09:17 AM [ERROR]: notification error: Unknown column 'notification_uuid' in 'field list'
10/30/2023, 10:09:19 AM [ERROR]: notification error: Unknown column 'notification_uuid' in 'field list'
10/30/2023, 10:09:19 AM [ERROR]: notification error: Unknown column 'notification_uuid' in 'field list'
10/30/2023, 10:09:19 AM [ERROR]: notification error: Unknown column 'notification_uuid' in 'field list'
10/30/2023, 10:09:19 AM [ERROR]: notification error: Unknown column 'notification_uuid' in 'field list'
10/30/2023, 10:09:20 AM [ERROR]: notification error: Unknown column 'notification_uuid' in 'field list'
10/30/2023, 10:09:20 AM [ERROR]: notification error: Unknown column 'notification_uuid' in 'field list'
10/30/2023, 10:09:20 AM [ERROR]: notification error: Unknown column 'notification_uuid' in 'field list'
10/30/2023, 10:09:20 AM [ERROR]: notification error: Unknown column 'notification_uuid' in 'field list'
10/30/2023, 10:09:21 AM [ERROR]: notification error: Unknown column 'notification_uuid' in 'field list'
10/30/2023, 10:09:21 AM [ERROR]: notification error: Unknown column 'notification_uuid' in 'field list'
10/30/2023, 10:09:21 AM [ERROR]: notification error: Unknown column 'notification_uuid' in 'field list'
10/30/2023, 10:09:21 AM [ERROR]: notification error: Unknown column 'notification_uuid' in 'field list'
10/30/2023, 10:09:22 AM [ERROR]: Error in creating report: Incorrect arguments to mysqld_stmt_execute
10/30/2023, 10:10:35 AM [INFO]: App is running on port 8080
10/30/2023, 10:10:35 AM [INFO]: Database connected
10/30/2023, 10:10:35 AM [INFO]: Connected to MQTT broker
10/30/2023, 10:10:35 AM [INFO]: Subscribed to topic: starkennInv3/DMS_NCL_8/data
10/30/2023, 10:10:35 AM [INFO]: Subscribed to topic: starkennInv3/CV43433/data
10/30/2023, 10:10:35 AM [INFO]: Subscribed to topic: starkennInv3/EC02190/data
10/30/2023, 10:10:35 AM [INFO]: Subscribed to topic: starkennInv3/DM0001A/data
10/30/2023, 10:10:35 AM [INFO]: Subscribed to topic: starkennInv3/PIY_001/data
10/30/2023, 10:10:35 AM [INFO]: Subscribed to topic: starkennInv3/DMS_NCL_15/data
10/30/2023, 10:10:35 AM [INFO]: Subscribed to topic: starkennInv3/IUEG/data
10/30/2023, 10:10:35 AM [INFO]: Subscribed to topic: starkennInv3/DMS_CHI_DEMO_3/data
10/30/2023, 10:10:35 AM [INFO]: Subscribed to topic: starkennInv3/DMS_PROD_1/data
10/30/2023, 10:10:35 AM [INFO]: Subscribed to topic: starkennInv3/SCH_001/data
10/30/2023, 10:10:35 AM [INFO]: Subscribed to topic: starkennInv3/SCH_002/data
10/30/2023, 10:10:35 AM [INFO]: Database connected
10/30/2023, 10:10:38 AM [ERROR]: notification error: Unknown column 'notification_uuid' in 'field list'
10/30/2023, 10:10:39 AM [ERROR]: notification error: Unknown column 'notification_uuid' in 'field list'
10/30/2023, 10:10:39 AM [ERROR]: notification error: Unknown column 'notification_uuid' in 'field list'
10/30/2023, 10:10:39 AM [ERROR]: notification error: Unknown column 'notification_uuid' in 'field list'
10/30/2023, 10:10:41 AM [ERROR]: notification error: Unknown column 'notification_uuid' in 'field list'
10/30/2023, 10:10:41 AM [ERROR]: notification error: Unknown column 'notification_uuid' in 'field list'
10/30/2023, 10:10:41 AM [ERROR]: notification error: Unknown column 'notification_uuid' in 'field list'
10/30/2023, 10:10:42 AM [ERROR]: notification error: Unknown column 'notification_uuid' in 'field list'
10/30/2023, 10:10:42 AM [ERROR]: notification error: Unknown column 'notification_uuid' in 'field list'
10/30/2023, 10:10:42 AM [ERROR]: notification error: Unknown column 'notification_uuid' in 'field list'
10/30/2023, 10:10:42 AM [ERROR]: notification error: Unknown column 'notification_uuid' in 'field list'
10/30/2023, 10:10:43 AM [ERROR]: notification error: Unknown column 'notification_uuid' in 'field list'
10/30/2023, 10:10:43 AM [ERROR]: notification error: Unknown column 'notification_uuid' in 'field list'
10/30/2023, 10:10:44 AM [ERROR]: notification error: Unknown column 'notification_uuid' in 'field list'
10/30/2023, 10:10:44 AM [ERROR]: notification error: Unknown column 'notification_uuid' in 'field list'
10/30/2023, 10:10:44 AM [ERROR]: notification error: Unknown column 'notification_uuid' in 'field list'
10/30/2023, 10:10:45 AM [ERROR]: notification error: Unknown column 'notification_uuid' in 'field list'
10/30/2023, 10:10:46 AM [ERROR]: notification error: Unknown column 'notification_uuid' in 'field list'
10/30/2023, 10:15:15 AM [INFO]: Database connected
10/30/2023, 10:15:15 AM [INFO]: Trip is already completed for this Vehicle 092b3954-8d50-4e1f-ac29-ad75ced98227 New trip will generate.
10/30/2023, 10:15:15 AM [INFO]: Database connected
10/30/2023, 10:15:15 AM [INFO]: Stored Tripdata in the database
10/30/2023, 10:15:25 AM [INFO]: Ongoing trip found. Trip will continue
10/30/2023, 10:15:25 AM [INFO]: Stored Tripdata in the database
10/30/2023, 10:15:35 AM [INFO]: Ongoing trip found. Trip will continue
10/30/2023, 10:15:35 AM [INFO]: Stored Tripdata in the database
10/30/2023, 10:15:45 AM [INFO]: Ongoing trip found. Trip will continue
10/30/2023, 10:15:45 AM [INFO]: Stored Tripdata in the database
10/30/2023, 10:15:55 AM [INFO]: Ongoing trip found. Trip will continue
10/30/2023, 10:15:55 AM [INFO]: Stored Tripdata in the database
10/30/2023, 10:16:05 AM [INFO]: Ongoing trip found. Trip will continue
10/30/2023, 10:16:05 AM [INFO]: Stored Tripdata in the database
10/30/2023, 10:16:15 AM [INFO]: Ongoing trip found. Trip will continue
10/30/2023, 10:16:15 AM [INFO]: Stored Tripdata in the database
10/30/2023, 10:16:25 AM [INFO]: Ongoing trip found. Trip will continue
10/30/2023, 10:16:25 AM [INFO]: Stored Tripdata in the database
10/30/2023, 10:16:35 AM [INFO]: Ongoing trip found. Trip will continue
10/30/2023, 10:16:35 AM [INFO]: Stored Tripdata in the database
10/30/2023, 10:16:45 AM [INFO]: Ongoing trip found. Trip will continue
10/30/2023, 10:16:45 AM [INFO]: Stored Tripdata in the database
10/30/2023, 10:16:55 AM [INFO]: Ongoing trip found. Trip will continue
10/30/2023, 10:16:55 AM [INFO]: Stored Tripdata in the database
10/30/2023, 10:17:06 AM [INFO]: Ongoing trip found. Trip will continue
10/30/2023, 10:17:06 AM [INFO]: Stored Tripdata in the database
10/30/2023, 10:17:16 AM [INFO]: Ongoing trip found. Trip will continue
10/30/2023, 10:17:16 AM [INFO]: Stored Tripdata in the database
10/30/2023, 10:17:26 AM [INFO]: Ongoing trip found. Trip will continue
10/30/2023, 10:17:26 AM [INFO]: Stored Tripdata in the database
10/30/2023, 10:17:36 AM [INFO]: Ongoing trip found. Trip will continue
10/30/2023, 10:17:36 AM [INFO]: Stored Tripdata in the database
10/30/2023, 10:17:46 AM [INFO]: Ongoing trip found. Trip will continue
10/30/2023, 10:17:46 AM [INFO]: Stored Tripdata in the database
10/30/2023, 10:17:56 AM [INFO]: Ongoing trip found. Trip will continue
10/30/2023, 10:17:56 AM [INFO]: Stored Tripdata in the database
10/30/2023, 10:18:06 AM [INFO]: Ongoing trip found. Trip will continue
10/30/2023, 10:18:06 AM [INFO]: Stored Tripdata in the database
10/30/2023, 10:18:16 AM [INFO]: Ongoing trip found. Trip will continue
10/30/2023, 10:18:16 AM [INFO]: Stored Tripdata in the database
10/30/2023, 10:18:26 AM [INFO]: Ongoing trip found. Trip will continue
10/30/2023, 10:18:26 AM [INFO]: Stored Tripdata in the database
10/30/2023, 10:18:36 AM [INFO]: Ongoing trip found. Trip will continue
10/30/2023, 10:18:36 AM [INFO]: Stored Tripdata in the database
10/30/2023, 10:18:46 AM [INFO]: Ongoing trip found. Trip will continue
10/30/2023, 10:18:46 AM [INFO]: Stored Tripdata in the database
10/30/2023, 10:18:56 AM [INFO]: Ongoing trip found. Trip will continue
10/30/2023, 10:18:56 AM [INFO]: Stored Tripdata in the database
10/30/2023, 10:19:06 AM [INFO]: Ongoing trip found. Trip will continue
10/30/2023, 10:19:06 AM [INFO]: Stored Tripdata in the database
10/30/2023, 10:19:16 AM [INFO]: Ongoing trip found. Trip will continue
10/30/2023, 10:19:16 AM [INFO]: Stored Tripdata in the database
10/30/2023, 10:19:26 AM [INFO]: Ongoing trip found. Trip will continue
10/30/2023, 10:19:26 AM [INFO]: Stored Tripdata in the database
10/30/2023, 10:19:36 AM [INFO]: Ongoing trip found. Trip will continue
10/30/2023, 10:19:36 AM [INFO]: Stored Tripdata in the database
10/30/2023, 10:19:46 AM [INFO]: Ongoing trip found. Trip will continue
10/30/2023, 10:19:46 AM [INFO]: Stored Tripdata in the database
10/30/2023, 10:19:56 AM [INFO]: Ongoing trip found. Trip will continue
10/30/2023, 10:19:56 AM [INFO]: Stored Tripdata in the database
10/30/2023, 10:20:07 AM [INFO]: Ongoing trip found. Trip will continue
10/30/2023, 10:20:07 AM [INFO]: Stored Tripdata in the database
10/30/2023, 10:20:17 AM [INFO]: Ongoing trip found. Trip will continue
10/30/2023, 10:20:17 AM [INFO]: Stored Tripdata in the database
10/30/2023, 10:20:27 AM [INFO]: Ongoing trip found. Trip will continue
10/30/2023, 10:20:27 AM [INFO]: Stored Tripdata in the database
10/30/2023, 10:20:37 AM [INFO]: Ongoing trip found. Trip will continue
10/30/2023, 10:20:37 AM [INFO]: Stored Tripdata in the database
10/30/2023, 10:20:47 AM [INFO]: Ongoing trip found. Trip will continue
10/30/2023, 10:20:47 AM [INFO]: Stored Tripdata in the database
10/30/2023, 10:20:57 AM [INFO]: Ongoing trip found. Trip will continue
10/30/2023, 10:20:57 AM [INFO]: Stored Tripdata in the database
10/30/2023, 10:21:07 AM [INFO]: Ongoing trip found. Trip will continue
10/30/2023, 10:21:07 AM [INFO]: Stored Tripdata in the database
10/30/2023, 10:21:17 AM [INFO]: Ongoing trip found. Trip will continue
10/30/2023, 10:21:17 AM [INFO]: Stored Tripdata in the database
10/30/2023, 10:21:27 AM [INFO]: Ongoing trip found. Trip will continue
10/30/2023, 10:21:27 AM [INFO]: Stored Tripdata in the database
10/30/2023, 10:21:37 AM [INFO]: Ongoing trip found. Trip will continue
10/30/2023, 10:21:37 AM [INFO]: Stored Tripdata in the database
10/30/2023, 10:21:47 AM [INFO]: Ongoing trip found. Trip will continue
10/30/2023, 10:21:47 AM [INFO]: Stored Tripdata in the database
10/30/2023, 10:21:57 AM [INFO]: Ongoing trip found. Trip will continue
10/30/2023, 10:21:57 AM [INFO]: Stored Tripdata in the database
10/30/2023, 10:22:07 AM [INFO]: Ongoing trip found. Trip will continue
10/30/2023, 10:22:07 AM [INFO]: Stored Tripdata in the database
10/30/2023, 10:22:17 AM [INFO]: Ongoing trip found. Trip will continue
10/30/2023, 10:22:17 AM [INFO]: Stored Tripdata in the database
10/30/2023, 10:22:27 AM [INFO]: Ongoing trip found. Trip will continue
10/30/2023, 10:22:27 AM [INFO]: Stored Tripdata in the database
10/30/2023, 10:22:38 AM [INFO]: Ongoing trip found. Trip will continue
10/30/2023, 10:22:38 AM [INFO]: Stored Tripdata in the database
10/30/2023, 10:22:48 AM [INFO]: Ongoing trip found. Trip will continue
10/30/2023, 10:22:48 AM [INFO]: Stored Tripdata in the database
10/30/2023, 10:22:58 AM [INFO]: Ongoing trip found. Trip will continue
10/30/2023, 10:22:58 AM [INFO]: Stored Tripdata in the database
10/30/2023, 10:23:08 AM [INFO]: Ongoing trip found. Trip will continue
10/30/2023, 10:23:08 AM [INFO]: Stored Tripdata in the database
10/30/2023, 10:23:18 AM [INFO]: Ongoing trip found. Trip will continue
10/30/2023, 10:23:18 AM [INFO]: Stored Tripdata in the database
10/30/2023, 10:23:28 AM [INFO]: Ongoing trip found. Trip will continue
10/30/2023, 10:23:28 AM [INFO]: Stored Tripdata in the database
10/30/2023, 10:23:38 AM [INFO]: Ongoing trip found. Trip will continue
10/30/2023, 10:23:38 AM [INFO]: Stored Tripdata in the database
10/30/2023, 10:23:48 AM [INFO]: Ongoing trip found. Trip will continue
10/30/2023, 10:23:48 AM [INFO]: Stored Tripdata in the database
10/30/2023, 10:23:58 AM [INFO]: Ongoing trip found. Trip will continue
10/30/2023, 10:23:58 AM [INFO]: Stored Tripdata in the database
10/30/2023, 10:24:08 AM [INFO]: Ongoing trip found. Trip will continue
10/30/2023, 10:24:08 AM [INFO]: Stored Tripdata in the database
10/30/2023, 10:24:18 AM [INFO]: Ongoing trip found. Trip will continue
10/30/2023, 10:24:18 AM [INFO]: Stored Tripdata in the database
10/30/2023, 10:24:28 AM [INFO]: Ongoing trip found. Trip will continue
10/30/2023, 10:24:28 AM [INFO]: Stored Tripdata in the database
10/30/2023, 10:24:38 AM [INFO]: Ongoing trip found. Trip will continue
10/30/2023, 10:24:38 AM [INFO]: Stored Tripdata in the database
10/30/2023, 10:24:49 AM [INFO]: Ongoing trip found. Trip will continue
10/30/2023, 10:24:49 AM [INFO]: Stored Tripdata in the database
10/30/2023, 10:24:59 AM [INFO]: Ongoing trip found. Trip will continue
10/30/2023, 10:24:59 AM [INFO]: Stored Tripdata in the database
10/30/2023, 10:25:09 AM [INFO]: Ongoing trip found. Trip will continue
10/30/2023, 10:25:09 AM [INFO]: Stored Tripdata in the database
10/30/2023, 10:25:19 AM [INFO]: Ongoing trip found. Trip will continue
10/30/2023, 10:25:19 AM [INFO]: Stored Tripdata in the database
10/30/2023, 10:25:29 AM [INFO]: Ongoing trip found. Trip will continue
10/30/2023, 10:25:29 AM [INFO]: Stored Tripdata in the database
10/30/2023, 10:25:39 AM [INFO]: Ongoing trip found. Trip will continue
10/30/2023, 10:25:39 AM [INFO]: Stored Tripdata in the database
10/30/2023, 10:25:49 AM [INFO]: Ongoing trip found. Trip will continue
10/30/2023, 10:25:49 AM [INFO]: Stored Tripdata in the database
10/30/2023, 10:25:59 AM [INFO]: Ongoing trip found. Trip will continue
10/30/2023, 10:25:59 AM [INFO]: Stored Tripdata in the database
10/30/2023, 10:26:09 AM [INFO]: Ongoing trip found. Trip will continue
10/30/2023, 10:26:09 AM [INFO]: Stored Tripdata in the database
10/30/2023, 10:26:19 AM [INFO]: Ongoing trip found. Trip will continue
10/30/2023, 10:26:19 AM [INFO]: Stored Tripdata in the database
10/30/2023, 10:26:29 AM [INFO]: Ongoing trip found. Trip will continue
10/30/2023, 10:26:29 AM [INFO]: Stored Tripdata in the database
10/30/2023, 10:26:39 AM [INFO]: Ongoing trip found. Trip will continue
10/30/2023, 10:26:39 AM [INFO]: Stored Tripdata in the database
10/30/2023, 10:26:49 AM [INFO]: Ongoing trip found. Trip will continue
10/30/2023, 10:26:49 AM [INFO]: Stored Tripdata in the database
10/30/2023, 10:27:00 AM [INFO]: Ongoing trip found. Trip will continue
10/30/2023, 10:27:00 AM [INFO]: Stored Tripdata in the database
10/30/2023, 10:27:09 AM [INFO]: Ongoing trip found. Trip will continue
10/30/2023, 10:27:09 AM [INFO]: Stored Tripdata in the database
10/30/2023, 10:27:19 AM [INFO]: Ongoing trip found. Trip will continue
10/30/2023, 10:27:19 AM [INFO]: Stored Tripdata in the database
10/30/2023, 10:27:30 AM [INFO]: Ongoing trip found. Trip will continue
10/30/2023, 10:27:30 AM [INFO]: Stored Tripdata in the database
10/30/2023, 10:27:40 AM [INFO]: Ongoing trip found. Trip will continue
10/30/2023, 10:27:40 AM [INFO]: Stored Tripdata in the database
10/30/2023, 10:27:50 AM [INFO]: Ongoing trip found. Trip will continue
10/30/2023, 10:27:50 AM [INFO]: Stored Tripdata in the database
10/30/2023, 10:28:00 AM [INFO]: Ongoing trip found. Trip will continue
10/30/2023, 10:28:00 AM [INFO]: Stored Tripdata in the database
10/30/2023, 10:28:10 AM [INFO]: Ongoing trip found. Trip will continue
10/30/2023, 10:28:10 AM [INFO]: Stored Tripdata in the database
10/30/2023, 10:28:20 AM [INFO]: Ongoing trip found. Trip will continue
10/30/2023, 10:28:20 AM [INFO]: Stored Tripdata in the database
10/30/2023, 10:28:30 AM [INFO]: Ongoing trip found. Trip will continue
10/30/2023, 10:28:30 AM [INFO]: Stored Tripdata in the database
10/30/2023, 10:28:40 AM [INFO]: Ongoing trip found. Trip will continue
10/30/2023, 10:28:40 AM [INFO]: Stored Tripdata in the database
10/30/2023, 10:28:50 AM [INFO]: Ongoing trip found. Trip will continue
10/30/2023, 10:28:50 AM [INFO]: Stored Tripdata in the database
10/30/2023, 10:29:00 AM [INFO]: Ongoing trip found. Trip will continue
10/30/2023, 10:29:00 AM [INFO]: Stored Tripdata in the database
10/30/2023, 10:29:10 AM [INFO]: Ongoing trip found. Trip will continue
10/30/2023, 10:29:10 AM [INFO]: Stored Tripdata in the database
10/30/2023, 10:29:20 AM [INFO]: Ongoing trip found. Trip will continue
10/30/2023, 10:29:20 AM [INFO]: Stored Tripdata in the database
10/30/2023, 10:29:30 AM [INFO]: Ongoing trip found. Trip will continue
10/30/2023, 10:29:30 AM [INFO]: Stored Tripdata in the database
10/30/2023, 10:29:40 AM [INFO]: Ongoing trip found. Trip will continue
10/30/2023, 10:29:40 AM [INFO]: Stored Tripdata in the database
10/30/2023, 10:29:50 AM [INFO]: Ongoing trip found. Trip will continue
10/30/2023, 10:29:50 AM [INFO]: Stored Tripdata in the database
10/30/2023, 10:30:00 AM [INFO]: Ongoing trip found. Trip will continue
10/30/2023, 10:30:00 AM [INFO]: Stored Tripdata in the database
10/30/2023, 10:30:11 AM [INFO]: Ongoing trip found. Trip will continue
10/30/2023, 10:30:11 AM [INFO]: Stored Tripdata in the database
10/30/2023, 10:30:21 AM [INFO]: Ongoing trip found. Trip will continue
10/30/2023, 10:30:21 AM [INFO]: Stored Tripdata in the database
10/30/2023, 10:30:31 AM [INFO]: Ongoing trip found. Trip will continue
10/30/2023, 10:30:31 AM [INFO]: Stored Tripdata in the database
10/30/2023, 10:30:41 AM [INFO]: Ongoing trip found. Trip will continue
10/30/2023, 10:30:41 AM [INFO]: Stored Tripdata in the database
10/30/2023, 10:30:51 AM [INFO]: Ongoing trip found. Trip will continue
10/30/2023, 10:30:51 AM [INFO]: Stored Tripdata in the database
10/30/2023, 10:31:01 AM [INFO]: Ongoing trip found. Trip will continue
10/30/2023, 10:31:01 AM [INFO]: Stored Tripdata in the database
10/30/2023, 10:31:11 AM [INFO]: Ongoing trip found. Trip will continue
10/30/2023, 10:31:11 AM [INFO]: Stored Tripdata in the database
10/30/2023, 10:31:21 AM [INFO]: Ongoing trip found. Trip will continue
10/30/2023, 10:31:21 AM [INFO]: Stored Tripdata in the database
10/30/2023, 10:31:31 AM [INFO]: Ongoing trip found. Trip will continue
10/30/2023, 10:31:31 AM [INFO]: Stored Tripdata in the database
10/30/2023, 10:31:41 AM [INFO]: Ongoing trip found. Trip will continue
10/30/2023, 10:31:41 AM [INFO]: Stored Tripdata in the database
10/30/2023, 10:31:51 AM [INFO]: Ongoing trip found. Trip will continue
10/30/2023, 10:31:51 AM [INFO]: Stored Tripdata in the database
10/30/2023, 10:32:01 AM [INFO]: Ongoing trip found. Trip will continue
10/30/2023, 10:32:01 AM [INFO]: Stored Tripdata in the database
10/30/2023, 10:32:11 AM [INFO]: Ongoing trip found. Trip will continue
10/30/2023, 10:32:11 AM [INFO]: Stored Tripdata in the database
10/30/2023, 10:32:21 AM [INFO]: Ongoing trip found. Trip will continue
10/30/2023, 10:32:21 AM [INFO]: Stored Tripdata in the database
10/30/2023, 10:32:31 AM [INFO]: Ongoing trip found. Trip will continue
10/30/2023, 10:32:31 AM [INFO]: Stored Tripdata in the database
10/30/2023, 10:32:42 AM [INFO]: Ongoing trip found. Trip will continue
10/30/2023, 10:32:42 AM [INFO]: Stored Tripdata in the database
10/30/2023, 10:32:52 AM [INFO]: Ongoing trip found. Trip will continue
10/30/2023, 10:32:52 AM [INFO]: Stored Tripdata in the database
10/30/2023, 10:33:02 AM [INFO]: Ongoing trip found. Trip will continue
10/30/2023, 10:33:02 AM [INFO]: Stored Tripdata in the database
10/30/2023, 10:33:12 AM [INFO]: Ongoing trip found. Trip will continue
10/30/2023, 10:33:12 AM [INFO]: Stored Tripdata in the database
10/30/2023, 10:33:22 AM [INFO]: Ongoing trip found. Trip will continue
10/30/2023, 10:33:22 AM [INFO]: Stored Tripdata in the database
10/30/2023, 10:33:32 AM [INFO]: Ongoing trip found. Trip will continue
10/30/2023, 10:33:32 AM [INFO]: Stored Tripdata in the database
10/30/2023, 10:33:42 AM [INFO]: Ongoing trip found. Trip will continue
10/30/2023, 10:33:42 AM [INFO]: Stored Tripdata in the database
10/30/2023, 10:33:52 AM [INFO]: Ongoing trip found. Trip will continue
10/30/2023, 10:33:52 AM [INFO]: Stored Tripdata in the database
10/30/2023, 10:34:02 AM [INFO]: Ongoing trip found. Trip will continue
10/30/2023, 10:34:02 AM [INFO]: Stored Tripdata in the database
10/30/2023, 10:34:12 AM [INFO]: Ongoing trip found. Trip will continue
10/30/2023, 10:34:12 AM [INFO]: Stored Tripdata in the database
10/30/2023, 10:34:22 AM [INFO]: Ongoing trip found. Trip will continue
10/30/2023, 10:34:22 AM [INFO]: Stored Tripdata in the database
10/30/2023, 10:34:33 AM [INFO]: Ongoing trip found. Trip will continue
10/30/2023, 10:34:33 AM [INFO]: Stored Tripdata in the database
10/30/2023, 10:34:43 AM [INFO]: Ongoing trip found. Trip will continue
10/30/2023, 10:34:43 AM [INFO]: Stored Tripdata in the database
10/30/2023, 10:34:53 AM [INFO]: Ongoing trip found. Trip will continue
10/30/2023, 10:34:53 AM [INFO]: Stored Tripdata in the database
10/30/2023, 10:35:03 AM [INFO]: Ongoing trip found. Trip will continue
10/30/2023, 10:35:03 AM [INFO]: Stored Tripdata in the database
10/30/2023, 10:35:13 AM [INFO]: Ongoing trip found. Trip will continue
10/30/2023, 10:35:13 AM [INFO]: Stored Tripdata in the database
10/30/2023, 10:35:23 AM [INFO]: Ongoing trip found. Trip will continue
10/30/2023, 10:35:23 AM [INFO]: Stored Tripdata in the database
10/30/2023, 10:36:58 AM [INFO]: App is running on port 8080
10/30/2023, 10:36:58 AM [INFO]: Database connected
10/30/2023, 10:36:58 AM [INFO]: Connected to MQTT broker
10/30/2023, 10:36:58 AM [INFO]: Subscribed to topic: starkennInv3/DMS_NCL_8/data
10/30/2023, 10:36:58 AM [INFO]: Subscribed to topic: starkennInv3/CV43433/data
10/30/2023, 10:36:58 AM [INFO]: Subscribed to topic: starkennInv3/EC02190/data
10/30/2023, 10:36:58 AM [INFO]: Subscribed to topic: starkennInv3/DM0001A/data
10/30/2023, 10:36:58 AM [INFO]: Subscribed to topic: starkennInv3/PIY_001/data
10/30/2023, 10:36:58 AM [INFO]: Subscribed to topic: starkennInv3/DMS_NCL_15/data
10/30/2023, 10:36:58 AM [INFO]: Subscribed to topic: starkennInv3/IUEG/data
10/30/2023, 10:36:58 AM [INFO]: Subscribed to topic: starkennInv3/DMS_CHI_DEMO_3/data
10/30/2023, 10:36:58 AM [INFO]: Subscribed to topic: starkennInv3/DMS_PROD_1/data
10/30/2023, 10:36:58 AM [INFO]: Subscribed to topic: starkennInv3/SCH_001/data
10/30/2023, 10:36:58 AM [INFO]: Subscribed to topic: starkennInv3/SCH_002/data
10/30/2023, 10:37:01 AM [INFO]: App is running on port 8080
10/30/2023, 10:37:01 AM [INFO]: Database connected
10/30/2023, 10:37:01 AM [INFO]: Connected to MQTT broker
10/30/2023, 10:37:01 AM [INFO]: Subscribed to topic: starkennInv3/DMS_NCL_8/data
10/30/2023, 10:37:01 AM [INFO]: Subscribed to topic: starkennInv3/CV43433/data
10/30/2023, 10:37:01 AM [INFO]: Subscribed to topic: starkennInv3/EC02190/data
10/30/2023, 10:37:01 AM [INFO]: Subscribed to topic: starkennInv3/DM0001A/data
10/30/2023, 10:37:01 AM [INFO]: Subscribed to topic: starkennInv3/PIY_001/data
10/30/2023, 10:37:01 AM [INFO]: Subscribed to topic: starkennInv3/DMS_NCL_15/data
10/30/2023, 10:37:01 AM [INFO]: Subscribed to topic: starkennInv3/IUEG/data
10/30/2023, 10:37:01 AM [INFO]: Subscribed to topic: starkennInv3/DMS_CHI_DEMO_3/data
10/30/2023, 10:37:01 AM [INFO]: Subscribed to topic: starkennInv3/DMS_PROD_1/data
10/30/2023, 10:37:01 AM [INFO]: Subscribed to topic: starkennInv3/SCH_001/data
10/30/2023, 10:37:01 AM [INFO]: Subscribed to topic: starkennInv3/SCH_002/data
10/30/2023, 10:37:03 AM [INFO]: Database connected
10/30/2023, 10:37:03 AM [INFO]: Database connected
10/30/2023, 10:37:03 AM [INFO]: Ongoing trip found. Trip will continue
10/30/2023, 10:37:03 AM [INFO]: Stored Tripdata in the database
10/30/2023, 10:37:13 AM [INFO]: Ongoing trip found. Trip will continue
10/30/2023, 10:37:13 AM [INFO]: Stored Tripdata in the database
10/30/2023, 10:37:23 AM [INFO]: Ongoing trip found. Trip will continue
10/30/2023, 10:37:23 AM [INFO]: Stored Tripdata in the database
10/30/2023, 10:37:31 AM [INFO]: Received SIGINT signal. Closing connection pool...
10/30/2023, 10:37:39 AM [INFO]: App is running on port 8080
10/30/2023, 10:41:27 AM [INFO]: App is running on port 8080
10/30/2023, 10:42:55 AM [INFO]: App is running on port 8080
10/30/2023, 10:42:55 AM [INFO]: Connected to MQTT broker
10/30/2023, 10:43:46 AM [INFO]: App is running on port 8080
10/30/2023, 10:43:46 AM [INFO]: Database connected
10/30/2023, 10:43:46 AM [ERROR]: Trip completion process failed! Error: No database selected
10/30/2023, 10:43:46 AM [INFO]: Connected to MQTT broker
10/30/2023, 10:43:46 AM [ERROR]: Enable to subscribe the topics Error: No database selected
10/30/2023, 10:44:15 AM [INFO]: Received SIGINT signal. Closing connection pool...
10/30/2023, 10:44:44 AM [INFO]: App is running on port 8080
10/30/2023, 10:44:44 AM [INFO]: Database connected
10/30/2023, 10:44:44 AM [ERROR]: Trip completion process failed! Error: No database selected
10/30/2023, 10:44:44 AM [INFO]: Connected to MQTT broker
10/30/2023, 10:44:44 AM [ERROR]: Enable to subscribe the topics Error: No database selected
10/30/2023, 10:45:11 AM [INFO]: Received SIGINT signal. Closing connection pool...
10/30/2023, 10:49:05 AM [INFO]: App is running on port 8080
10/30/2023, 10:49:05 AM [INFO]: Database connected
10/30/2023, 10:49:05 AM [ERROR]: Trip completion process failed! Error: No database selected
10/30/2023, 10:49:05 AM [INFO]: Connected to MQTT broker
10/30/2023, 10:49:05 AM [ERROR]: Enable to subscribe the topics Error: No database selected
10/30/2023, 10:50:46 AM [INFO]: Received SIGINT signal. Closing connection pool...
10/30/2023, 10:50:49 AM [INFO]: App is running on port 8080
10/30/2023, 10:50:49 AM [INFO]: Database connected
10/30/2023, 10:50:49 AM [ERROR]: Trip completion process failed! Error: No database selected
10/30/2023, 10:50:49 AM [INFO]: Connected to MQTT broker
10/30/2023, 10:50:49 AM [ERROR]: Enable to subscribe the topics Error: No database selected
10/30/2023, 10:56:37 AM [INFO]: Received SIGINT signal. Closing connection pool...
10/30/2023, 10:56:42 AM [INFO]: App is running on port 8080
10/30/2023, 10:56:42 AM [INFO]: Connected to MQTT broker
10/30/2023, 10:56:42 AM [INFO]: Subscribed to topic: starkennInv3/DMS_NCL_8/data
10/30/2023, 10:56:42 AM [INFO]: Subscribed to topic: starkennInv3/CV43433/data
10/30/2023, 10:56:42 AM [INFO]: Subscribed to topic: starkennInv3/EC02190/data
10/30/2023, 10:56:42 AM [INFO]: Subscribed to topic: starkennInv3/DM0001A/data
10/30/2023, 10:56:42 AM [INFO]: Subscribed to topic: starkennInv3/PIY_001/data
10/30/2023, 10:56:42 AM [INFO]: Subscribed to topic: starkennInv3/DMS_NCL_15/data
10/30/2023, 10:56:42 AM [INFO]: Subscribed to topic: starkennInv3/IUEG/data
10/30/2023, 10:56:42 AM [INFO]: Subscribed to topic: starkennInv3/DMS_CHI_DEMO_3/data
10/30/2023, 10:56:42 AM [INFO]: Subscribed to topic: starkennInv3/DMS_PROD_1/data
10/30/2023, 10:56:42 AM [INFO]: Subscribed to topic: starkennInv3/SCH_001/data
10/30/2023, 10:56:42 AM [INFO]: Subscribed to topic: starkennInv3/SCH_002/data
10/30/2023, 10:56:46 AM [INFO]: Received SIGINT signal. Closing connection pool...
10/30/2023, 11:01:42 AM [INFO]: App is running on port 8080
10/30/2023, 11:01:42 AM [INFO]: Connected to MQTT broker
10/30/2023, 11:01:42 AM [INFO]: Subscribed to topic: starkennInv3/DMS_NCL_8/data
10/30/2023, 11:01:42 AM [INFO]: Subscribed to topic: starkennInv3/CV43433/data
10/30/2023, 11:01:42 AM [INFO]: Subscribed to topic: starkennInv3/EC02190/data
10/30/2023, 11:01:42 AM [INFO]: Subscribed to topic: starkennInv3/DM0001A/data
10/30/2023, 11:01:42 AM [INFO]: Subscribed to topic: starkennInv3/PIY_001/data
10/30/2023, 11:01:42 AM [INFO]: Subscribed to topic: starkennInv3/DMS_NCL_15/data
10/30/2023, 11:01:42 AM [INFO]: Subscribed to topic: starkennInv3/IUEG/data
10/30/2023, 11:01:42 AM [INFO]: Subscribed to topic: starkennInv3/DMS_CHI_DEMO_3/data
10/30/2023, 11:01:42 AM [INFO]: Subscribed to topic: starkennInv3/DMS_PROD_1/data
10/30/2023, 11:01:42 AM [INFO]: Subscribed to topic: starkennInv3/SCH_001/data
10/30/2023, 11:01:42 AM [INFO]: Subscribed to topic: starkennInv3/SCH_002/data
10/30/2023, 11:01:43 AM [INFO]: Trip is already completed for this Vehicle 092b3954-8d50-4e1f-ac29-ad75ced98227 New trip will generate.
10/30/2023, 11:01:43 AM [INFO]: Stored Tripdata in the database
10/30/2023, 11:01:45 AM [INFO]: Vehicle not found for the incomming device ID DMS_PROD_1
10/30/2023, 11:01:45 AM [ERROR]: Something went wrong while completing the trip TypeError: Cannot read properties of null (reading '0')
10/30/2023, 11:01:45 AM [INFO]: Vehicle not found for the incomming device ID DMS_PROD_1
10/30/2023, 11:01:45 AM [ERROR]: Something went wrong while completing the trip TypeError: Cannot read properties of null (reading '0')
10/30/2023, 11:01:53 AM [INFO]: Ongoing trip found. Trip will continue
10/30/2023, 11:01:53 AM [INFO]: Stored Tripdata in the database
10/30/2023, 11:01:55 AM [INFO]: Vehicle not found for the incomming device ID DMS_PROD_1
10/30/2023, 11:01:55 AM [ERROR]: Something went wrong while completing the trip TypeError: Cannot read properties of null (reading '0')
10/30/2023, 11:01:55 AM [INFO]: Vehicle not found for the incomming device ID DMS_PROD_1
10/30/2023, 11:01:55 AM [ERROR]: Something went wrong while completing the trip TypeError: Cannot read properties of null (reading '0')
10/30/2023, 11:02:03 AM [INFO]: Ongoing trip found. Trip will continue
10/30/2023, 11:02:03 AM [INFO]: Stored Tripdata in the database
10/30/2023, 11:02:05 AM [INFO]: Vehicle not found for the incomming device ID DMS_PROD_1
10/30/2023, 11:02:05 AM [ERROR]: Something went wrong while completing the trip TypeError: Cannot read properties of null (reading '0')
10/30/2023, 11:02:06 AM [INFO]: Vehicle not found for the incomming device ID DMS_PROD_1
10/30/2023, 11:02:06 AM [ERROR]: Something went wrong while completing the trip TypeError: Cannot read properties of null (reading '0')
10/30/2023, 11:02:13 AM [INFO]: Ongoing trip found. Trip will continue
10/30/2023, 11:02:13 AM [INFO]: Stored Tripdata in the database
10/30/2023, 11:02:15 AM [INFO]: Vehicle not found for the incomming device ID DMS_PROD_1
10/30/2023, 11:02:15 AM [ERROR]: Something went wrong while completing the trip TypeError: Cannot read properties of null (reading '0')
10/30/2023, 11:02:16 AM [INFO]: Vehicle not found for the incomming device ID DMS_PROD_1
10/30/2023, 11:02:16 AM [ERROR]: Something went wrong while completing the trip TypeError: Cannot read properties of null (reading '0')
10/30/2023, 11:02:23 AM [INFO]: Ongoing trip found. Trip will continue
10/30/2023, 11:02:23 AM [INFO]: Stored Tripdata in the database
10/30/2023, 11:02:26 AM [INFO]: Vehicle not found for the incomming device ID DMS_PROD_1
10/30/2023, 11:02:26 AM [ERROR]: Something went wrong while completing the trip TypeError: Cannot read properties of null (reading '0')
10/30/2023, 11:02:26 AM [INFO]: Vehicle not found for the incomming device ID DMS_PROD_1
10/30/2023, 11:02:26 AM [ERROR]: Something went wrong while completing the trip TypeError: Cannot read properties of null (reading '0')
10/30/2023, 11:02:27 AM [ERROR]: notification error: Unknown column 'notification_uuid' in 'field list'
10/30/2023, 11:02:27 AM [ERROR]: notification error: Unknown column 'notification_uuid' in 'field list'
10/30/2023, 11:02:28 AM [ERROR]: notification error: Unknown column 'notification_uuid' in 'field list'
10/30/2023, 11:02:28 AM [ERROR]: notification error: Unknown column 'notification_uuid' in 'field list'
10/30/2023, 11:02:29 AM [ERROR]: notification error: Unknown column 'notification_uuid' in 'field list'
10/30/2023, 11:02:29 AM [ERROR]: notification error: Unknown column 'notification_uuid' in 'field list'
10/30/2023, 11:02:29 AM [ERROR]: notification error: Unknown column 'notification_uuid' in 'field list'
10/30/2023, 11:02:29 AM [ERROR]: notification error: Unknown column 'notification_uuid' in 'field list'
10/30/2023, 11:02:29 AM [ERROR]: notification error: Unknown column 'notification_uuid' in 'field list'
10/30/2023, 11:02:29 AM [ERROR]: notification error: Unknown column 'notification_uuid' in 'field list'
10/30/2023, 11:02:29 AM [ERROR]: notification error: Unknown column 'notification_uuid' in 'field list'
10/30/2023, 11:02:30 AM [ERROR]: notification error: Unknown column 'notification_uuid' in 'field list'
10/30/2023, 11:02:30 AM [ERROR]: notification error: Unknown column 'notification_uuid' in 'field list'
10/30/2023, 11:02:30 AM [ERROR]: notification error: Unknown column 'notification_uuid' in 'field list'
10/30/2023, 11:02:30 AM [ERROR]: notification error: Unknown column 'notification_uuid' in 'field list'
10/30/2023, 11:02:30 AM [ERROR]: notification error: Unknown column 'notification_uuid' in 'field list'
10/30/2023, 11:02:30 AM [ERROR]: notification error: Unknown column 'notification_uuid' in 'field list'
10/30/2023, 11:02:31 AM [ERROR]: notification error: Unknown column 'notification_uuid' in 'field list'
10/30/2023, 11:02:31 AM [ERROR]: notification error: Unknown column 'notification_uuid' in 'field list'
10/30/2023, 11:02:31 AM [ERROR]: notification error: Unknown column 'notification_uuid' in 'field list'
10/30/2023, 11:02:31 AM [ERROR]: notification error: Unknown column 'notification_uuid' in 'field list'
10/30/2023, 11:02:31 AM [ERROR]: notification error: Unknown column 'notification_uuid' in 'field list'
10/30/2023, 11:02:32 AM [ERROR]: notification error: Unknown column 'notification_uuid' in 'field list'
10/30/2023, 11:02:32 AM [ERROR]: notification error: Unknown column 'notification_uuid' in 'field list'
10/30/2023, 11:02:33 AM [INFO]: Ongoing trip found. Trip will continue
10/30/2023, 11:02:33 AM [INFO]: Stored Tripdata in the database
10/30/2023, 11:02:36 AM [INFO]: Vehicle not found for the incomming device ID DMS_PROD_1
10/30/2023, 11:02:36 AM [ERROR]: Something went wrong while completing the trip TypeError: Cannot read properties of null (reading '0')
10/30/2023, 11:02:36 AM [INFO]: Vehicle not found for the incomming device ID DMS_PROD_1
10/30/2023, 11:02:36 AM [ERROR]: Something went wrong while completing the trip TypeError: Cannot read properties of null (reading '0')
10/30/2023, 11:02:43 AM [INFO]: Ongoing trip found. Trip will continue
10/30/2023, 11:02:43 AM [INFO]: Stored Tripdata in the database
10/30/2023, 11:02:53 AM [INFO]: Ongoing trip found. Trip will continue
10/30/2023, 11:02:53 AM [INFO]: Stored Tripdata in the database
10/30/2023, 11:03:03 AM [INFO]: Ongoing trip found. Trip will continue
10/30/2023, 11:03:03 AM [INFO]: Stored Tripdata in the database
10/30/2023, 11:03:13 AM [INFO]: Ongoing trip found. Trip will continue
10/30/2023, 11:03:13 AM [INFO]: Stored Tripdata in the database
10/30/2023, 11:03:23 AM [INFO]: Ongoing trip found. Trip will continue
10/30/2023, 11:03:23 AM [INFO]: Stored Tripdata in the database
10/30/2023, 11:03:33 AM [INFO]: Ongoing trip found. Trip will continue
10/30/2023, 11:03:33 AM [INFO]: Stored Tripdata in the database
10/30/2023, 11:03:43 AM [INFO]: Ongoing trip found. Trip will continue
10/30/2023, 11:03:43 AM [INFO]: Stored Tripdata in the database
10/30/2023, 11:03:53 AM [INFO]: Ongoing trip found. Trip will continue
10/30/2023, 11:03:53 AM [INFO]: Stored Tripdata in the database
10/30/2023, 11:04:03 AM [INFO]: Ongoing trip found. Trip will continue
10/30/2023, 11:04:03 AM [INFO]: Stored Tripdata in the database
10/30/2023, 11:04:13 AM [INFO]: Ongoing trip found. Trip will continue
10/30/2023, 11:04:13 AM [INFO]: Stored Tripdata in the database
10/30/2023, 11:04:24 AM [INFO]: Ongoing trip found. Trip will continue
10/30/2023, 11:04:24 AM [INFO]: Stored Tripdata in the database
10/30/2023, 11:04:34 AM [INFO]: Ongoing trip found. Trip will continue
10/30/2023, 11:04:34 AM [INFO]: Stored Tripdata in the database
10/30/2023, 11:04:44 AM [INFO]: Ongoing trip found. Trip will continue
10/30/2023, 11:04:44 AM [INFO]: Stored Tripdata in the database
10/30/2023, 11:04:54 AM [INFO]: Ongoing trip found. Trip will continue
10/30/2023, 11:04:54 AM [INFO]: Stored Tripdata in the database
10/30/2023, 11:05:04 AM [INFO]: Ongoing trip found. Trip will continue
10/30/2023, 11:05:04 AM [INFO]: Stored Tripdata in the database
10/30/2023, 11:05:14 AM [INFO]: Ongoing trip found. Trip will continue
10/30/2023, 11:05:14 AM [INFO]: Stored Tripdata in the database
10/30/2023, 11:05:24 AM [INFO]: Ongoing trip found. Trip will continue
10/30/2023, 11:05:24 AM [INFO]: Stored Tripdata in the database
10/30/2023, 11:05:34 AM [INFO]: Ongoing trip found. Trip will continue
10/30/2023, 11:05:34 AM [INFO]: Stored Tripdata in the database
10/30/2023, 11:05:44 AM [INFO]: Ongoing trip found. Trip will continue
10/30/2023, 11:05:44 AM [INFO]: Stored Tripdata in the database
10/30/2023, 11:05:54 AM [INFO]: Ongoing trip found. Trip will continue
10/30/2023, 11:05:54 AM [INFO]: Stored Tripdata in the database
10/30/2023, 11:06:04 AM [INFO]: Ongoing trip found. Trip will continue
10/30/2023, 11:06:04 AM [INFO]: Stored Tripdata in the database
10/30/2023, 11:06:14 AM [INFO]: Ongoing trip found. Trip will continue
10/30/2023, 11:06:14 AM [INFO]: Stored Tripdata in the database
10/30/2023, 11:06:24 AM [INFO]: Ongoing trip found. Trip will continue
10/30/2023, 11:06:24 AM [INFO]: Stored Tripdata in the database
10/30/2023, 11:06:34 AM [INFO]: Ongoing trip found. Trip will continue
10/30/2023, 11:06:34 AM [INFO]: Stored Tripdata in the database
10/30/2023, 11:06:44 AM [INFO]: Ongoing trip found. Trip will continue
10/30/2023, 11:06:44 AM [INFO]: Stored Tripdata in the database
10/30/2023, 11:06:54 AM [INFO]: Ongoing trip found. Trip will continue
10/30/2023, 11:06:54 AM [INFO]: Stored Tripdata in the database
10/30/2023, 11:07:05 AM [INFO]: Ongoing trip found. Trip will continue
10/30/2023, 11:07:05 AM [INFO]: Stored Tripdata in the database
10/30/2023, 11:07:15 AM [INFO]: Ongoing trip found. Trip will continue
10/30/2023, 11:07:15 AM [INFO]: Stored Tripdata in the database
10/30/2023, 11:07:25 AM [INFO]: Ongoing trip found. Trip will continue
10/30/2023, 11:07:25 AM [INFO]: Stored Tripdata in the database
10/30/2023, 11:07:35 AM [INFO]: Ongoing trip found. Trip will continue
10/30/2023, 11:07:35 AM [INFO]: Stored Tripdata in the database
10/30/2023, 11:07:45 AM [INFO]: Ongoing trip found. Trip will continue
10/30/2023, 11:07:45 AM [INFO]: Stored Tripdata in the database
10/30/2023, 11:07:55 AM [INFO]: Ongoing trip found. Trip will continue
10/30/2023, 11:07:55 AM [INFO]: Stored Tripdata in the database
10/30/2023, 11:08:05 AM [INFO]: Ongoing trip found. Trip will continue
10/30/2023, 11:08:05 AM [INFO]: Stored Tripdata in the database
10/30/2023, 11:08:15 AM [INFO]: Ongoing trip found. Trip will continue
10/30/2023, 11:08:15 AM [INFO]: Stored Tripdata in the database
10/30/2023, 11:08:25 AM [INFO]: Ongoing trip found. Trip will continue
10/30/2023, 11:08:25 AM [INFO]: Stored Tripdata in the database
10/30/2023, 11:08:35 AM [INFO]: Ongoing trip found. Trip will continue
10/30/2023, 11:08:35 AM [INFO]: Stored Tripdata in the database
10/30/2023, 11:08:45 AM [INFO]: Received SIGINT signal. Closing connection pool...
